[2021-01-15 16:29:08,061] {taskinstance.py:670} INFO - Dependencies all met for <TaskInstance: tutorial.templated 2021-01-13T00:00:00+00:00 [queued]>
[2021-01-15 16:29:08,069] {taskinstance.py:670} INFO - Dependencies all met for <TaskInstance: tutorial.templated 2021-01-13T00:00:00+00:00 [queued]>
[2021-01-15 16:29:08,069] {taskinstance.py:880} INFO - 
--------------------------------------------------------------------------------
[2021-01-15 16:29:08,069] {taskinstance.py:881} INFO - Starting attempt 1 of 2
[2021-01-15 16:29:08,069] {taskinstance.py:882} INFO - 
--------------------------------------------------------------------------------
[2021-01-15 16:29:08,074] {taskinstance.py:901} INFO - Executing <Task(BashOperator): templated> on 2021-01-13T00:00:00+00:00
[2021-01-15 16:29:08,076] {standard_task_runner.py:54} INFO - Started process 8849 to run task
[2021-01-15 16:29:08,120] {standard_task_runner.py:77} INFO - Running: ['airflow', 'run', 'tutorial', 'templated', '2021-01-13T00:00:00+00:00', '--job_id', '42', '--pool', 'default_pool', '--raw', '-sd', 'DAGS_FOLDER/tuto.py', '--cfg_path', '/var/folders/4f/xnn880bn51d9945mdydbgwdw0000gn/T/tmpejebmeqb']
[2021-01-15 16:29:08,122] {standard_task_runner.py:78} INFO - Job 42: Subtask templated
[2021-01-15 16:29:08,143] {logging_mixin.py:112} INFO - Running <TaskInstance: tutorial.templated 2021-01-13T00:00:00+00:00 [running]> on host 1.0.0.0.0.0.0.0.0.0.0.0.0.0.0.0.0.0.0.0.0.0.0.0.0.0.0.0.0.0.0.0.ip6.arpa
[2021-01-15 16:29:08,161] {bash_operator.py:113} INFO - Tmp dir root location: 
 /var/folders/4f/xnn880bn51d9945mdydbgwdw0000gn/T
[2021-01-15 16:29:08,162] {bash_operator.py:134} INFO - Temporary script location: /var/folders/4f/xnn880bn51d9945mdydbgwdw0000gn/T/airflowtmp3ag9txkh/templated6aa1ct4y
[2021-01-15 16:29:08,162] {bash_operator.py:146} INFO - Running command: 
    
        echo "2021-01-13"
        echo "2021-01-20"
        echo "Parameter I passed in"
    
        echo "2021-01-13"
        echo "2021-01-20"
        echo "Parameter I passed in"
    
        echo "2021-01-13"
        echo "2021-01-20"
        echo "Parameter I passed in"
    
        echo "2021-01-13"
        echo "2021-01-20"
        echo "Parameter I passed in"
    
        echo "2021-01-13"
        echo "2021-01-20"
        echo "Parameter I passed in"
    
[2021-01-15 16:29:08,167] {bash_operator.py:153} INFO - Output:
[2021-01-15 16:29:08,169] {bash_operator.py:157} INFO - 2021-01-13
[2021-01-15 16:29:08,169] {bash_operator.py:157} INFO - 2021-01-20
[2021-01-15 16:29:08,169] {bash_operator.py:157} INFO - Parameter I passed in
[2021-01-15 16:29:08,169] {bash_operator.py:157} INFO - 2021-01-13
[2021-01-15 16:29:08,170] {bash_operator.py:157} INFO - 2021-01-20
[2021-01-15 16:29:08,170] {bash_operator.py:157} INFO - Parameter I passed in
[2021-01-15 16:29:08,170] {bash_operator.py:157} INFO - 2021-01-13
[2021-01-15 16:29:08,170] {bash_operator.py:157} INFO - 2021-01-20
[2021-01-15 16:29:08,170] {bash_operator.py:157} INFO - Parameter I passed in
[2021-01-15 16:29:08,170] {bash_operator.py:157} INFO - 2021-01-13
[2021-01-15 16:29:08,171] {bash_operator.py:157} INFO - 2021-01-20
[2021-01-15 16:29:08,171] {bash_operator.py:157} INFO - Parameter I passed in
[2021-01-15 16:29:08,171] {bash_operator.py:157} INFO - 2021-01-13
[2021-01-15 16:29:08,171] {bash_operator.py:157} INFO - 2021-01-20
[2021-01-15 16:29:08,171] {bash_operator.py:157} INFO - Parameter I passed in
[2021-01-15 16:29:08,171] {bash_operator.py:159} INFO - Command exited with return code 0
[2021-01-15 16:29:08,177] {taskinstance.py:1057} INFO - Marking task as SUCCESS.dag_id=tutorial, task_id=templated, execution_date=20210113T000000, start_date=20210115T072908, end_date=20210115T072908
[2021-01-15 16:29:13,062] {local_task_job.py:102} INFO - Task exited with return code 0
