[2021-01-15 16:30:04,966] {taskinstance.py:670} INFO - Dependencies all met for <TaskInstance: tutorial.sleep 2021-01-14T00:00:00+00:00 [queued]>
[2021-01-15 16:30:04,974] {taskinstance.py:670} INFO - Dependencies all met for <TaskInstance: tutorial.sleep 2021-01-14T00:00:00+00:00 [queued]>
[2021-01-15 16:30:04,975] {taskinstance.py:880} INFO - 
--------------------------------------------------------------------------------
[2021-01-15 16:30:04,975] {taskinstance.py:881} INFO - Starting attempt 1 of 4
[2021-01-15 16:30:04,975] {taskinstance.py:882} INFO - 
--------------------------------------------------------------------------------
[2021-01-15 16:30:04,980] {taskinstance.py:901} INFO - Executing <Task(BashOperator): sleep> on 2021-01-14T00:00:00+00:00
[2021-01-15 16:30:04,983] {standard_task_runner.py:54} INFO - Started process 8880 to run task
[2021-01-15 16:30:05,036] {standard_task_runner.py:77} INFO - Running: ['airflow', 'run', 'tutorial', 'sleep', '2021-01-14T00:00:00+00:00', '--job_id', '46', '--pool', 'default_pool', '--raw', '-sd', '/Users/ichiro/.pyenv/versions/3.9.1/lib/python3.9/site-packages/airflow/example_dags/tutorial.py', '--cfg_path', '/var/folders/4f/xnn880bn51d9945mdydbgwdw0000gn/T/tmpo1aa0wul']
[2021-01-15 16:30:05,038] {standard_task_runner.py:78} INFO - Job 46: Subtask sleep
[2021-01-15 16:30:05,062] {logging_mixin.py:112} INFO - Running <TaskInstance: tutorial.sleep 2021-01-14T00:00:00+00:00 [running]> on host 1.0.0.0.0.0.0.0.0.0.0.0.0.0.0.0.0.0.0.0.0.0.0.0.0.0.0.0.0.0.0.0.ip6.arpa
[2021-01-15 16:30:05,074] {bash_operator.py:113} INFO - Tmp dir root location: 
 /var/folders/4f/xnn880bn51d9945mdydbgwdw0000gn/T
[2021-01-15 16:30:05,075] {bash_operator.py:134} INFO - Temporary script location: /var/folders/4f/xnn880bn51d9945mdydbgwdw0000gn/T/airflowtmpze0e4v2y/sleep1flctzvy
[2021-01-15 16:30:05,075] {bash_operator.py:146} INFO - Running command: sleep 5
[2021-01-15 16:30:05,080] {bash_operator.py:153} INFO - Output:
[2021-01-15 16:30:10,087] {bash_operator.py:159} INFO - Command exited with return code 0
[2021-01-15 16:30:10,095] {taskinstance.py:1057} INFO - Marking task as SUCCESS.dag_id=tutorial, task_id=sleep, execution_date=20210114T000000, start_date=20210115T073004, end_date=20210115T073010
[2021-01-15 16:30:14,973] {local_task_job.py:102} INFO - Task exited with return code 0
