[2021-01-15 16:27:54,742] {taskinstance.py:670} INFO - Dependencies all met for <TaskInstance: tutorial.print_date 2021-01-15T06:53:24.378406+00:00 [queued]>
[2021-01-15 16:27:54,756] {taskinstance.py:670} INFO - Dependencies all met for <TaskInstance: tutorial.print_date 2021-01-15T06:53:24.378406+00:00 [queued]>
[2021-01-15 16:27:54,756] {taskinstance.py:880} INFO - 
--------------------------------------------------------------------------------
[2021-01-15 16:27:54,757] {taskinstance.py:881} INFO - Starting attempt 1 of 2
[2021-01-15 16:27:54,757] {taskinstance.py:882} INFO - 
--------------------------------------------------------------------------------
[2021-01-15 16:27:54,765] {taskinstance.py:901} INFO - Executing <Task(BashOperator): print_date> on 2021-01-15T06:53:24.378406+00:00
[2021-01-15 16:27:54,768] {standard_task_runner.py:54} INFO - Started process 8795 to run task
[2021-01-15 16:27:54,851] {standard_task_runner.py:77} INFO - Running: ['airflow', 'run', 'tutorial', 'print_date', '2021-01-15T06:53:24.378406+00:00', '--job_id', '35', '--pool', 'default_pool', '--raw', '-sd', '/Users/ichiro/.pyenv/versions/3.9.1/lib/python3.9/site-packages/airflow/example_dags/tutorial.py', '--cfg_path', '/var/folders/4f/xnn880bn51d9945mdydbgwdw0000gn/T/tmptbm05r2s']
[2021-01-15 16:27:54,853] {standard_task_runner.py:78} INFO - Job 35: Subtask print_date
[2021-01-15 16:27:54,880] {logging_mixin.py:112} INFO - Running <TaskInstance: tutorial.print_date 2021-01-15T06:53:24.378406+00:00 [running]> on host 1.0.0.0.0.0.0.0.0.0.0.0.0.0.0.0.0.0.0.0.0.0.0.0.0.0.0.0.0.0.0.0.ip6.arpa
[2021-01-15 16:27:54,892] {bash_operator.py:113} INFO - Tmp dir root location: 
 /var/folders/4f/xnn880bn51d9945mdydbgwdw0000gn/T
[2021-01-15 16:27:54,893] {bash_operator.py:134} INFO - Temporary script location: /var/folders/4f/xnn880bn51d9945mdydbgwdw0000gn/T/airflowtmp_w09y2t0/print_datevo4oi0mv
[2021-01-15 16:27:54,894] {bash_operator.py:146} INFO - Running command: date
[2021-01-15 16:27:54,899] {bash_operator.py:153} INFO - Output:
[2021-01-15 16:27:54,905] {bash_operator.py:157} INFO - 2021年 1月15日 金曜日 16時27分54秒 JST
[2021-01-15 16:27:54,906] {bash_operator.py:159} INFO - Command exited with return code 0
[2021-01-15 16:27:54,918] {taskinstance.py:1057} INFO - Marking task as SUCCESS.dag_id=tutorial, task_id=print_date, execution_date=20210115T065324, start_date=20210115T072754, end_date=20210115T072754
[2021-01-15 16:27:59,737] {local_task_job.py:102} INFO - Task exited with return code 0
