[2021-01-15 16:30:16,033] {taskinstance.py:670} INFO - Dependencies all met for <TaskInstance: tutorial.templated 2021-01-14T00:00:00+00:00 [queued]>
[2021-01-15 16:30:16,041] {taskinstance.py:670} INFO - Dependencies all met for <TaskInstance: tutorial.templated 2021-01-14T00:00:00+00:00 [queued]>
[2021-01-15 16:30:16,041] {taskinstance.py:880} INFO - 
--------------------------------------------------------------------------------
[2021-01-15 16:30:16,041] {taskinstance.py:881} INFO - Starting attempt 1 of 2
[2021-01-15 16:30:16,041] {taskinstance.py:882} INFO - 
--------------------------------------------------------------------------------
[2021-01-15 16:30:16,045] {taskinstance.py:901} INFO - Executing <Task(BashOperator): templated> on 2021-01-14T00:00:00+00:00
[2021-01-15 16:30:16,047] {standard_task_runner.py:54} INFO - Started process 8886 to run task
[2021-01-15 16:30:16,089] {standard_task_runner.py:77} INFO - Running: ['airflow', 'run', 'tutorial', 'templated', '2021-01-14T00:00:00+00:00', '--job_id', '47', '--pool', 'default_pool', '--raw', '-sd', '/Users/ichiro/.pyenv/versions/3.9.1/lib/python3.9/site-packages/airflow/example_dags/tutorial.py', '--cfg_path', '/var/folders/4f/xnn880bn51d9945mdydbgwdw0000gn/T/tmpznpxt_rd']
[2021-01-15 16:30:16,090] {standard_task_runner.py:78} INFO - Job 47: Subtask templated
[2021-01-15 16:30:16,114] {logging_mixin.py:112} INFO - Running <TaskInstance: tutorial.templated 2021-01-14T00:00:00+00:00 [running]> on host 1.0.0.0.0.0.0.0.0.0.0.0.0.0.0.0.0.0.0.0.0.0.0.0.0.0.0.0.0.0.0.0.ip6.arpa
[2021-01-15 16:30:16,131] {bash_operator.py:113} INFO - Tmp dir root location: 
 /var/folders/4f/xnn880bn51d9945mdydbgwdw0000gn/T
[2021-01-15 16:30:16,132] {bash_operator.py:134} INFO - Temporary script location: /var/folders/4f/xnn880bn51d9945mdydbgwdw0000gn/T/airflowtmp4pdz0trn/templatedf_405zmu
[2021-01-15 16:30:16,132] {bash_operator.py:146} INFO - Running command: 

    echo "2021-01-14"
    echo "2021-01-21"
    echo "Parameter I passed in"

    echo "2021-01-14"
    echo "2021-01-21"
    echo "Parameter I passed in"

    echo "2021-01-14"
    echo "2021-01-21"
    echo "Parameter I passed in"

    echo "2021-01-14"
    echo "2021-01-21"
    echo "Parameter I passed in"

    echo "2021-01-14"
    echo "2021-01-21"
    echo "Parameter I passed in"

[2021-01-15 16:30:16,136] {bash_operator.py:153} INFO - Output:
[2021-01-15 16:30:16,138] {bash_operator.py:157} INFO - 2021-01-14
[2021-01-15 16:30:16,138] {bash_operator.py:157} INFO - 2021-01-21
[2021-01-15 16:30:16,138] {bash_operator.py:157} INFO - Parameter I passed in
[2021-01-15 16:30:16,138] {bash_operator.py:157} INFO - 2021-01-14
[2021-01-15 16:30:16,139] {bash_operator.py:157} INFO - 2021-01-21
[2021-01-15 16:30:16,139] {bash_operator.py:157} INFO - Parameter I passed in
[2021-01-15 16:30:16,139] {bash_operator.py:157} INFO - 2021-01-14
[2021-01-15 16:30:16,139] {bash_operator.py:157} INFO - 2021-01-21
[2021-01-15 16:30:16,139] {bash_operator.py:157} INFO - Parameter I passed in
[2021-01-15 16:30:16,139] {bash_operator.py:157} INFO - 2021-01-14
[2021-01-15 16:30:16,140] {bash_operator.py:157} INFO - 2021-01-21
[2021-01-15 16:30:16,140] {bash_operator.py:157} INFO - Parameter I passed in
[2021-01-15 16:30:16,140] {bash_operator.py:157} INFO - 2021-01-14
[2021-01-15 16:30:16,140] {bash_operator.py:157} INFO - 2021-01-21
[2021-01-15 16:30:16,140] {bash_operator.py:157} INFO - Parameter I passed in
[2021-01-15 16:30:16,140] {bash_operator.py:159} INFO - Command exited with return code 0
[2021-01-15 16:30:16,145] {taskinstance.py:1057} INFO - Marking task as SUCCESS.dag_id=tutorial, task_id=templated, execution_date=20210114T000000, start_date=20210115T073016, end_date=20210115T073016
[2021-01-15 16:30:21,032] {local_task_job.py:102} INFO - Task exited with return code 0
