[2021-01-15 16:28:39,541] {taskinstance.py:670} INFO - Dependencies all met for <TaskInstance: tutorial.sleep 2021-01-15T06:53:24.378406+00:00 [queued]>
[2021-01-15 16:28:39,550] {taskinstance.py:670} INFO - Dependencies all met for <TaskInstance: tutorial.sleep 2021-01-15T06:53:24.378406+00:00 [queued]>
[2021-01-15 16:28:39,551] {taskinstance.py:880} INFO - 
--------------------------------------------------------------------------------
[2021-01-15 16:28:39,551] {taskinstance.py:881} INFO - Starting attempt 1 of 4
[2021-01-15 16:28:39,551] {taskinstance.py:882} INFO - 
--------------------------------------------------------------------------------
[2021-01-15 16:28:39,555] {taskinstance.py:901} INFO - Executing <Task(BashOperator): sleep> on 2021-01-15T06:53:24.378406+00:00
[2021-01-15 16:28:39,557] {standard_task_runner.py:54} INFO - Started process 8831 to run task
[2021-01-15 16:28:39,605] {standard_task_runner.py:77} INFO - Running: ['airflow', 'run', 'tutorial', 'sleep', '2021-01-15T06:53:24.378406+00:00', '--job_id', '39', '--pool', 'default_pool', '--raw', '-sd', 'DAGS_FOLDER/tuto.py', '--cfg_path', '/var/folders/4f/xnn880bn51d9945mdydbgwdw0000gn/T/tmp_gv4nqkx']
[2021-01-15 16:28:39,607] {standard_task_runner.py:78} INFO - Job 39: Subtask sleep
[2021-01-15 16:28:39,630] {logging_mixin.py:112} INFO - Running <TaskInstance: tutorial.sleep 2021-01-15T06:53:24.378406+00:00 [running]> on host 1.0.0.0.0.0.0.0.0.0.0.0.0.0.0.0.0.0.0.0.0.0.0.0.0.0.0.0.0.0.0.0.ip6.arpa
[2021-01-15 16:28:39,643] {bash_operator.py:113} INFO - Tmp dir root location: 
 /var/folders/4f/xnn880bn51d9945mdydbgwdw0000gn/T
[2021-01-15 16:28:39,644] {bash_operator.py:134} INFO - Temporary script location: /var/folders/4f/xnn880bn51d9945mdydbgwdw0000gn/T/airflowtmpmh9lgaf6/sleepikot00v2
[2021-01-15 16:28:39,644] {bash_operator.py:146} INFO - Running command: sleep 5
[2021-01-15 16:28:39,648] {bash_operator.py:153} INFO - Output:
[2021-01-15 16:28:44,663] {bash_operator.py:159} INFO - Command exited with return code 0
[2021-01-15 16:28:44,673] {taskinstance.py:1057} INFO - Marking task as SUCCESS.dag_id=tutorial, task_id=sleep, execution_date=20210115T065324, start_date=20210115T072839, end_date=20210115T072844
[2021-01-15 16:28:49,543] {local_task_job.py:102} INFO - Task exited with return code 0
