[2021-01-15 13:49:22,667] {scheduler_job.py:155} INFO - Started process (PID=4645) to work on /Users/ichiro/airflow/dags/slack_noti.py
[2021-01-15 13:49:22,673] {scheduler_job.py:1572} INFO - Processing file /Users/ichiro/airflow/dags/slack_noti.py for tasks to queue
[2021-01-15 13:49:22,674] {logging_mixin.py:112} INFO - [2021-01-15 13:49:22,674] {dagbag.py:417} INFO - Filling up the DagBag from /Users/ichiro/airflow/dags/slack_noti.py
[2021-01-15 13:49:22,690] {scheduler_job.py:1584} INFO - DAG(s) ['slack_dag'] retrieved from /Users/ichiro/airflow/dags/slack_noti.py
[2021-01-15 13:49:22,699] {logging_mixin.py:112} INFO - [2021-01-15 13:49:22,698] {dag.py:1520} INFO - Creating ORM DAG for slack_dag
[2021-01-15 13:49:22,706] {scheduler_job.py:163} INFO - Processing /Users/ichiro/airflow/dags/slack_noti.py took 0.039 seconds
[2021-01-15 14:22:44,595] {scheduler_job.py:155} INFO - Started process (PID=5078) to work on /Users/ichiro/airflow/dags/slack_noti.py
[2021-01-15 14:22:44,603] {scheduler_job.py:1572} INFO - Processing file /Users/ichiro/airflow/dags/slack_noti.py for tasks to queue
[2021-01-15 14:22:44,604] {logging_mixin.py:112} INFO - [2021-01-15 14:22:44,603] {dagbag.py:417} INFO - Filling up the DagBag from /Users/ichiro/airflow/dags/slack_noti.py
[2021-01-15 14:22:44,622] {scheduler_job.py:1584} INFO - DAG(s) ['slack_dag'] retrieved from /Users/ichiro/airflow/dags/slack_noti.py
[2021-01-15 14:22:44,637] {scheduler_job.py:163} INFO - Processing /Users/ichiro/airflow/dags/slack_noti.py took 0.042 seconds
[2021-01-15 14:29:01,932] {scheduler_job.py:155} INFO - Started process (PID=5266) to work on /Users/ichiro/airflow/dags/slack_noti.py
[2021-01-15 14:29:01,941] {scheduler_job.py:1572} INFO - Processing file /Users/ichiro/airflow/dags/slack_noti.py for tasks to queue
[2021-01-15 14:29:01,942] {logging_mixin.py:112} INFO - [2021-01-15 14:29:01,942] {dagbag.py:417} INFO - Filling up the DagBag from /Users/ichiro/airflow/dags/slack_noti.py
[2021-01-15 14:29:01,961] {scheduler_job.py:1584} INFO - DAG(s) ['slack_dag'] retrieved from /Users/ichiro/airflow/dags/slack_noti.py
[2021-01-15 14:29:01,978] {scheduler_job.py:163} INFO - Processing /Users/ichiro/airflow/dags/slack_noti.py took 0.046 seconds
[2021-01-15 14:30:51,217] {scheduler_job.py:155} INFO - Started process (PID=5360) to work on /Users/ichiro/airflow/dags/slack_noti.py
[2021-01-15 14:30:51,226] {scheduler_job.py:1572} INFO - Processing file /Users/ichiro/airflow/dags/slack_noti.py for tasks to queue
[2021-01-15 14:30:51,226] {logging_mixin.py:112} INFO - [2021-01-15 14:30:51,226] {dagbag.py:417} INFO - Filling up the DagBag from /Users/ichiro/airflow/dags/slack_noti.py
[2021-01-15 14:30:51,244] {scheduler_job.py:1584} INFO - DAG(s) ['slack_dag'] retrieved from /Users/ichiro/airflow/dags/slack_noti.py
[2021-01-15 14:30:51,261] {scheduler_job.py:163} INFO - Processing /Users/ichiro/airflow/dags/slack_noti.py took 0.045 seconds
[2021-01-15 14:41:31,012] {scheduler_job.py:155} INFO - Started process (PID=5559) to work on /Users/ichiro/airflow/dags/slack_noti.py
[2021-01-15 14:41:31,021] {scheduler_job.py:1572} INFO - Processing file /Users/ichiro/airflow/dags/slack_noti.py for tasks to queue
[2021-01-15 14:41:31,021] {logging_mixin.py:112} INFO - [2021-01-15 14:41:31,021] {dagbag.py:417} INFO - Filling up the DagBag from /Users/ichiro/airflow/dags/slack_noti.py
[2021-01-15 14:41:31,041] {scheduler_job.py:1584} INFO - DAG(s) ['slack_dag'] retrieved from /Users/ichiro/airflow/dags/slack_noti.py
[2021-01-15 14:41:31,058] {scheduler_job.py:163} INFO - Processing /Users/ichiro/airflow/dags/slack_noti.py took 0.046 seconds
[2021-01-15 14:42:25,140] {scheduler_job.py:155} INFO - Started process (PID=5606) to work on /Users/ichiro/airflow/dags/slack_noti.py
[2021-01-15 14:42:25,146] {scheduler_job.py:1572} INFO - Processing file /Users/ichiro/airflow/dags/slack_noti.py for tasks to queue
[2021-01-15 14:42:25,146] {logging_mixin.py:112} INFO - [2021-01-15 14:42:25,146] {dagbag.py:417} INFO - Filling up the DagBag from /Users/ichiro/airflow/dags/slack_noti.py
[2021-01-15 14:42:25,161] {scheduler_job.py:1584} INFO - DAG(s) ['slack_dag'] retrieved from /Users/ichiro/airflow/dags/slack_noti.py
[2021-01-15 14:42:25,176] {scheduler_job.py:163} INFO - Processing /Users/ichiro/airflow/dags/slack_noti.py took 0.036 seconds
[2021-01-15 15:23:02,339] {scheduler_job.py:155} INFO - Started process (PID=6578) to work on /Users/ichiro/airflow/dags/slack_noti.py
[2021-01-15 15:23:02,348] {scheduler_job.py:1572} INFO - Processing file /Users/ichiro/airflow/dags/slack_noti.py for tasks to queue
[2021-01-15 15:23:02,349] {logging_mixin.py:112} INFO - [2021-01-15 15:23:02,349] {dagbag.py:417} INFO - Filling up the DagBag from /Users/ichiro/airflow/dags/slack_noti.py
[2021-01-15 15:23:02,367] {scheduler_job.py:1584} INFO - DAG(s) ['slack_dag'] retrieved from /Users/ichiro/airflow/dags/slack_noti.py
[2021-01-15 15:23:02,384] {scheduler_job.py:163} INFO - Processing /Users/ichiro/airflow/dags/slack_noti.py took 0.045 seconds
[2021-01-15 15:23:58,496] {scheduler_job.py:155} INFO - Started process (PID=6614) to work on /Users/ichiro/airflow/dags/slack_noti.py
[2021-01-15 15:23:58,503] {scheduler_job.py:1572} INFO - Processing file /Users/ichiro/airflow/dags/slack_noti.py for tasks to queue
[2021-01-15 15:23:58,504] {logging_mixin.py:112} INFO - [2021-01-15 15:23:58,504] {dagbag.py:417} INFO - Filling up the DagBag from /Users/ichiro/airflow/dags/slack_noti.py
[2021-01-15 15:23:58,520] {scheduler_job.py:1584} INFO - DAG(s) ['slack_dag'] retrieved from /Users/ichiro/airflow/dags/slack_noti.py
[2021-01-15 15:23:58,537] {scheduler_job.py:163} INFO - Processing /Users/ichiro/airflow/dags/slack_noti.py took 0.042 seconds
[2021-01-15 15:24:54,647] {scheduler_job.py:155} INFO - Started process (PID=6659) to work on /Users/ichiro/airflow/dags/slack_noti.py
[2021-01-15 15:24:54,656] {scheduler_job.py:1572} INFO - Processing file /Users/ichiro/airflow/dags/slack_noti.py for tasks to queue
[2021-01-15 15:24:54,656] {logging_mixin.py:112} INFO - [2021-01-15 15:24:54,656] {dagbag.py:417} INFO - Filling up the DagBag from /Users/ichiro/airflow/dags/slack_noti.py
[2021-01-15 15:24:54,675] {scheduler_job.py:1584} INFO - DAG(s) ['slack_dag'] retrieved from /Users/ichiro/airflow/dags/slack_noti.py
[2021-01-15 15:24:54,694] {scheduler_job.py:163} INFO - Processing /Users/ichiro/airflow/dags/slack_noti.py took 0.046 seconds
[2021-01-15 15:41:45,773] {scheduler_job.py:154} INFO - Started process (PID=6965) to work on /Users/ichiro/airflow/dags/slack_noti.py
[2021-01-15 15:41:45,788] {logging_mixin.py:112} INFO - [2021-01-15 15:41:45,788] {__init__.py:50} INFO - Using executor SequentialExecutor
[2021-01-15 15:41:45,789] {scheduler_job.py:1572} INFO - Processing file /Users/ichiro/airflow/dags/slack_noti.py for tasks to queue
[2021-01-15 15:41:45,789] {logging_mixin.py:112} INFO - [2021-01-15 15:41:45,789] {dagbag.py:417} INFO - Filling up the DagBag from /Users/ichiro/airflow/dags/slack_noti.py
[2021-01-15 15:41:45,792] {scheduler_job.py:1584} INFO - DAG(s) dict_keys(['slack_dag']) retrieved from /Users/ichiro/airflow/dags/slack_noti.py
[2021-01-15 15:41:45,800] {scheduler_job.py:162} INFO - Processing /Users/ichiro/airflow/dags/slack_noti.py took 0.028 seconds
[2021-01-15 15:42:41,866] {scheduler_job.py:154} INFO - Started process (PID=6996) to work on /Users/ichiro/airflow/dags/slack_noti.py
[2021-01-15 15:42:41,881] {logging_mixin.py:112} INFO - [2021-01-15 15:42:41,881] {__init__.py:50} INFO - Using executor SequentialExecutor
[2021-01-15 15:42:41,882] {scheduler_job.py:1572} INFO - Processing file /Users/ichiro/airflow/dags/slack_noti.py for tasks to queue
[2021-01-15 15:42:41,882] {logging_mixin.py:112} INFO - [2021-01-15 15:42:41,882] {dagbag.py:417} INFO - Filling up the DagBag from /Users/ichiro/airflow/dags/slack_noti.py
[2021-01-15 15:42:41,884] {scheduler_job.py:1584} INFO - DAG(s) dict_keys(['slack_dag']) retrieved from /Users/ichiro/airflow/dags/slack_noti.py
[2021-01-15 15:42:41,894] {scheduler_job.py:162} INFO - Processing /Users/ichiro/airflow/dags/slack_noti.py took 0.028 seconds
[2021-01-15 15:43:38,001] {scheduler_job.py:154} INFO - Started process (PID=7047) to work on /Users/ichiro/airflow/dags/slack_noti.py
[2021-01-15 15:43:38,016] {logging_mixin.py:112} INFO - [2021-01-15 15:43:38,016] {__init__.py:50} INFO - Using executor SequentialExecutor
[2021-01-15 15:43:38,017] {scheduler_job.py:1572} INFO - Processing file /Users/ichiro/airflow/dags/slack_noti.py for tasks to queue
[2021-01-15 15:43:38,017] {logging_mixin.py:112} INFO - [2021-01-15 15:43:38,017] {dagbag.py:417} INFO - Filling up the DagBag from /Users/ichiro/airflow/dags/slack_noti.py
[2021-01-15 15:43:38,020] {scheduler_job.py:1584} INFO - DAG(s) dict_keys(['slack_dag']) retrieved from /Users/ichiro/airflow/dags/slack_noti.py
[2021-01-15 15:43:38,028] {scheduler_job.py:162} INFO - Processing /Users/ichiro/airflow/dags/slack_noti.py took 0.027 seconds
[2021-01-15 15:47:38,556] {scheduler_job.py:154} INFO - Started process (PID=7265) to work on /Users/ichiro/airflow/dags/slack_noti.py
[2021-01-15 15:47:38,572] {logging_mixin.py:112} INFO - [2021-01-15 15:47:38,572] {__init__.py:50} INFO - Using executor SequentialExecutor
[2021-01-15 15:47:38,573] {scheduler_job.py:1572} INFO - Processing file /Users/ichiro/airflow/dags/slack_noti.py for tasks to queue
[2021-01-15 15:47:38,573] {logging_mixin.py:112} INFO - [2021-01-15 15:47:38,573] {dagbag.py:417} INFO - Filling up the DagBag from /Users/ichiro/airflow/dags/slack_noti.py
[2021-01-15 15:47:38,576] {scheduler_job.py:1584} INFO - DAG(s) dict_keys(['slack_dag']) retrieved from /Users/ichiro/airflow/dags/slack_noti.py
[2021-01-15 15:47:38,586] {scheduler_job.py:162} INFO - Processing /Users/ichiro/airflow/dags/slack_noti.py took 0.029 seconds
[2021-01-15 15:48:34,834] {scheduler_job.py:154} INFO - Started process (PID=7372) to work on /Users/ichiro/airflow/dags/slack_noti.py
[2021-01-15 15:48:34,850] {logging_mixin.py:112} INFO - [2021-01-15 15:48:34,850] {__init__.py:50} INFO - Using executor SequentialExecutor
[2021-01-15 15:48:34,851] {scheduler_job.py:1572} INFO - Processing file /Users/ichiro/airflow/dags/slack_noti.py for tasks to queue
[2021-01-15 15:48:34,851] {logging_mixin.py:112} INFO - [2021-01-15 15:48:34,851] {dagbag.py:417} INFO - Filling up the DagBag from /Users/ichiro/airflow/dags/slack_noti.py
[2021-01-15 15:48:34,854] {scheduler_job.py:1584} INFO - DAG(s) dict_keys(['slack_dag']) retrieved from /Users/ichiro/airflow/dags/slack_noti.py
[2021-01-15 15:48:34,863] {scheduler_job.py:162} INFO - Processing /Users/ichiro/airflow/dags/slack_noti.py took 0.029 seconds
[2021-01-15 15:49:30,960] {scheduler_job.py:154} INFO - Started process (PID=7408) to work on /Users/ichiro/airflow/dags/slack_noti.py
[2021-01-15 15:49:30,977] {logging_mixin.py:112} INFO - [2021-01-15 15:49:30,977] {__init__.py:50} INFO - Using executor SequentialExecutor
[2021-01-15 15:49:30,978] {scheduler_job.py:1572} INFO - Processing file /Users/ichiro/airflow/dags/slack_noti.py for tasks to queue
[2021-01-15 15:49:30,978] {logging_mixin.py:112} INFO - [2021-01-15 15:49:30,978] {dagbag.py:417} INFO - Filling up the DagBag from /Users/ichiro/airflow/dags/slack_noti.py
[2021-01-15 15:49:30,981] {scheduler_job.py:1584} INFO - DAG(s) dict_keys(['slack_dag']) retrieved from /Users/ichiro/airflow/dags/slack_noti.py
[2021-01-15 15:49:30,992] {scheduler_job.py:162} INFO - Processing /Users/ichiro/airflow/dags/slack_noti.py took 0.031 seconds
[2021-01-15 15:50:26,988] {scheduler_job.py:154} INFO - Started process (PID=7463) to work on /Users/ichiro/airflow/dags/slack_noti.py
[2021-01-15 15:50:27,003] {logging_mixin.py:112} INFO - [2021-01-15 15:50:27,003] {__init__.py:50} INFO - Using executor SequentialExecutor
[2021-01-15 15:50:27,004] {scheduler_job.py:1572} INFO - Processing file /Users/ichiro/airflow/dags/slack_noti.py for tasks to queue
[2021-01-15 15:50:27,004] {logging_mixin.py:112} INFO - [2021-01-15 15:50:27,004] {dagbag.py:417} INFO - Filling up the DagBag from /Users/ichiro/airflow/dags/slack_noti.py
[2021-01-15 15:50:27,006] {scheduler_job.py:1584} INFO - DAG(s) dict_keys(['slack_dag']) retrieved from /Users/ichiro/airflow/dags/slack_noti.py
[2021-01-15 15:50:27,015] {scheduler_job.py:162} INFO - Processing /Users/ichiro/airflow/dags/slack_noti.py took 0.027 seconds
[2021-01-15 15:51:23,131] {scheduler_job.py:154} INFO - Started process (PID=7504) to work on /Users/ichiro/airflow/dags/slack_noti.py
[2021-01-15 15:51:23,146] {logging_mixin.py:112} INFO - [2021-01-15 15:51:23,146] {__init__.py:50} INFO - Using executor SequentialExecutor
[2021-01-15 15:51:23,147] {scheduler_job.py:1572} INFO - Processing file /Users/ichiro/airflow/dags/slack_noti.py for tasks to queue
[2021-01-15 15:51:23,147] {logging_mixin.py:112} INFO - [2021-01-15 15:51:23,147] {dagbag.py:417} INFO - Filling up the DagBag from /Users/ichiro/airflow/dags/slack_noti.py
[2021-01-15 15:51:23,149] {scheduler_job.py:1584} INFO - DAG(s) dict_keys(['slack_dag']) retrieved from /Users/ichiro/airflow/dags/slack_noti.py
[2021-01-15 15:51:23,157] {scheduler_job.py:162} INFO - Processing /Users/ichiro/airflow/dags/slack_noti.py took 0.026 seconds
[2021-01-15 15:52:19,408] {scheduler_job.py:154} INFO - Started process (PID=7542) to work on /Users/ichiro/airflow/dags/slack_noti.py
[2021-01-15 15:52:19,425] {logging_mixin.py:112} INFO - [2021-01-15 15:52:19,424] {__init__.py:50} INFO - Using executor SequentialExecutor
[2021-01-15 15:52:19,425] {scheduler_job.py:1572} INFO - Processing file /Users/ichiro/airflow/dags/slack_noti.py for tasks to queue
[2021-01-15 15:52:19,425] {logging_mixin.py:112} INFO - [2021-01-15 15:52:19,425] {dagbag.py:417} INFO - Filling up the DagBag from /Users/ichiro/airflow/dags/slack_noti.py
[2021-01-15 15:52:19,428] {scheduler_job.py:1584} INFO - DAG(s) dict_keys(['slack_dag']) retrieved from /Users/ichiro/airflow/dags/slack_noti.py
[2021-01-15 15:52:19,437] {scheduler_job.py:162} INFO - Processing /Users/ichiro/airflow/dags/slack_noti.py took 0.028 seconds
[2021-01-15 15:53:15,569] {scheduler_job.py:154} INFO - Started process (PID=7579) to work on /Users/ichiro/airflow/dags/slack_noti.py
[2021-01-15 15:53:15,586] {logging_mixin.py:112} INFO - [2021-01-15 15:53:15,586] {__init__.py:50} INFO - Using executor SequentialExecutor
[2021-01-15 15:53:15,587] {scheduler_job.py:1572} INFO - Processing file /Users/ichiro/airflow/dags/slack_noti.py for tasks to queue
[2021-01-15 15:53:15,587] {logging_mixin.py:112} INFO - [2021-01-15 15:53:15,587] {dagbag.py:417} INFO - Filling up the DagBag from /Users/ichiro/airflow/dags/slack_noti.py
[2021-01-15 15:53:15,591] {scheduler_job.py:1584} INFO - DAG(s) dict_keys(['slack_dag']) retrieved from /Users/ichiro/airflow/dags/slack_noti.py
[2021-01-15 15:53:15,599] {scheduler_job.py:162} INFO - Processing /Users/ichiro/airflow/dags/slack_noti.py took 0.030 seconds
[2021-01-15 15:54:11,655] {scheduler_job.py:154} INFO - Started process (PID=7614) to work on /Users/ichiro/airflow/dags/slack_noti.py
[2021-01-15 15:54:11,669] {logging_mixin.py:112} INFO - [2021-01-15 15:54:11,669] {__init__.py:50} INFO - Using executor SequentialExecutor
[2021-01-15 15:54:11,670] {scheduler_job.py:1572} INFO - Processing file /Users/ichiro/airflow/dags/slack_noti.py for tasks to queue
[2021-01-15 15:54:11,670] {logging_mixin.py:112} INFO - [2021-01-15 15:54:11,670] {dagbag.py:417} INFO - Filling up the DagBag from /Users/ichiro/airflow/dags/slack_noti.py
[2021-01-15 15:54:11,672] {scheduler_job.py:1584} INFO - DAG(s) dict_keys(['slack_dag']) retrieved from /Users/ichiro/airflow/dags/slack_noti.py
[2021-01-15 15:54:11,681] {scheduler_job.py:162} INFO - Processing /Users/ichiro/airflow/dags/slack_noti.py took 0.026 seconds
[2021-01-15 15:55:08,023] {scheduler_job.py:154} INFO - Started process (PID=7654) to work on /Users/ichiro/airflow/dags/slack_noti.py
[2021-01-15 15:55:08,041] {logging_mixin.py:112} INFO - [2021-01-15 15:55:08,041] {__init__.py:50} INFO - Using executor SequentialExecutor
[2021-01-15 15:55:08,042] {scheduler_job.py:1572} INFO - Processing file /Users/ichiro/airflow/dags/slack_noti.py for tasks to queue
[2021-01-15 15:55:08,042] {logging_mixin.py:112} INFO - [2021-01-15 15:55:08,042] {dagbag.py:417} INFO - Filling up the DagBag from /Users/ichiro/airflow/dags/slack_noti.py
[2021-01-15 15:55:08,045] {scheduler_job.py:1584} INFO - DAG(s) dict_keys(['slack_dag']) retrieved from /Users/ichiro/airflow/dags/slack_noti.py
[2021-01-15 15:55:08,054] {scheduler_job.py:162} INFO - Processing /Users/ichiro/airflow/dags/slack_noti.py took 0.031 seconds
[2021-01-15 15:56:04,075] {scheduler_job.py:154} INFO - Started process (PID=7690) to work on /Users/ichiro/airflow/dags/slack_noti.py
[2021-01-15 15:56:04,091] {logging_mixin.py:112} INFO - [2021-01-15 15:56:04,090] {__init__.py:50} INFO - Using executor SequentialExecutor
[2021-01-15 15:56:04,091] {scheduler_job.py:1572} INFO - Processing file /Users/ichiro/airflow/dags/slack_noti.py for tasks to queue
[2021-01-15 15:56:04,091] {logging_mixin.py:112} INFO - [2021-01-15 15:56:04,091] {dagbag.py:417} INFO - Filling up the DagBag from /Users/ichiro/airflow/dags/slack_noti.py
[2021-01-15 15:56:04,095] {scheduler_job.py:1584} INFO - DAG(s) dict_keys(['slack_dag']) retrieved from /Users/ichiro/airflow/dags/slack_noti.py
[2021-01-15 15:56:04,106] {scheduler_job.py:162} INFO - Processing /Users/ichiro/airflow/dags/slack_noti.py took 0.031 seconds
[2021-01-15 15:57:00,268] {scheduler_job.py:154} INFO - Started process (PID=7728) to work on /Users/ichiro/airflow/dags/slack_noti.py
[2021-01-15 15:57:00,289] {logging_mixin.py:112} INFO - [2021-01-15 15:57:00,289] {__init__.py:50} INFO - Using executor SequentialExecutor
[2021-01-15 15:57:00,290] {scheduler_job.py:1572} INFO - Processing file /Users/ichiro/airflow/dags/slack_noti.py for tasks to queue
[2021-01-15 15:57:00,290] {logging_mixin.py:112} INFO - [2021-01-15 15:57:00,290] {dagbag.py:417} INFO - Filling up the DagBag from /Users/ichiro/airflow/dags/slack_noti.py
[2021-01-15 15:57:00,292] {scheduler_job.py:1584} INFO - DAG(s) dict_keys(['slack_dag']) retrieved from /Users/ichiro/airflow/dags/slack_noti.py
[2021-01-15 15:57:00,301] {scheduler_job.py:162} INFO - Processing /Users/ichiro/airflow/dags/slack_noti.py took 0.033 seconds
[2021-01-15 15:57:56,327] {scheduler_job.py:154} INFO - Started process (PID=7759) to work on /Users/ichiro/airflow/dags/slack_noti.py
[2021-01-15 15:57:56,342] {logging_mixin.py:112} INFO - [2021-01-15 15:57:56,342] {__init__.py:50} INFO - Using executor SequentialExecutor
[2021-01-15 15:57:56,343] {scheduler_job.py:1572} INFO - Processing file /Users/ichiro/airflow/dags/slack_noti.py for tasks to queue
[2021-01-15 15:57:56,343] {logging_mixin.py:112} INFO - [2021-01-15 15:57:56,343] {dagbag.py:417} INFO - Filling up the DagBag from /Users/ichiro/airflow/dags/slack_noti.py
[2021-01-15 15:57:56,346] {scheduler_job.py:1584} INFO - DAG(s) dict_keys(['slack_dag']) retrieved from /Users/ichiro/airflow/dags/slack_noti.py
[2021-01-15 15:57:56,356] {scheduler_job.py:162} INFO - Processing /Users/ichiro/airflow/dags/slack_noti.py took 0.028 seconds
[2021-01-15 15:58:52,482] {scheduler_job.py:154} INFO - Started process (PID=7795) to work on /Users/ichiro/airflow/dags/slack_noti.py
[2021-01-15 15:58:52,496] {logging_mixin.py:112} INFO - [2021-01-15 15:58:52,496] {__init__.py:50} INFO - Using executor SequentialExecutor
[2021-01-15 15:58:52,496] {scheduler_job.py:1572} INFO - Processing file /Users/ichiro/airflow/dags/slack_noti.py for tasks to queue
[2021-01-15 15:58:52,496] {logging_mixin.py:112} INFO - [2021-01-15 15:58:52,496] {dagbag.py:417} INFO - Filling up the DagBag from /Users/ichiro/airflow/dags/slack_noti.py
[2021-01-15 15:58:52,499] {scheduler_job.py:1584} INFO - DAG(s) dict_keys(['slack_dag']) retrieved from /Users/ichiro/airflow/dags/slack_noti.py
[2021-01-15 15:58:52,508] {scheduler_job.py:162} INFO - Processing /Users/ichiro/airflow/dags/slack_noti.py took 0.026 seconds
[2021-01-15 15:59:48,672] {scheduler_job.py:154} INFO - Started process (PID=7830) to work on /Users/ichiro/airflow/dags/slack_noti.py
[2021-01-15 15:59:48,690] {logging_mixin.py:112} INFO - [2021-01-15 15:59:48,689] {__init__.py:50} INFO - Using executor SequentialExecutor
[2021-01-15 15:59:48,690] {scheduler_job.py:1572} INFO - Processing file /Users/ichiro/airflow/dags/slack_noti.py for tasks to queue
[2021-01-15 15:59:48,690] {logging_mixin.py:112} INFO - [2021-01-15 15:59:48,690] {dagbag.py:417} INFO - Filling up the DagBag from /Users/ichiro/airflow/dags/slack_noti.py
[2021-01-15 15:59:48,693] {scheduler_job.py:1584} INFO - DAG(s) dict_keys(['slack_dag']) retrieved from /Users/ichiro/airflow/dags/slack_noti.py
[2021-01-15 15:59:48,703] {scheduler_job.py:162} INFO - Processing /Users/ichiro/airflow/dags/slack_noti.py took 0.031 seconds
[2021-01-15 16:00:44,829] {scheduler_job.py:154} INFO - Started process (PID=7865) to work on /Users/ichiro/airflow/dags/slack_noti.py
[2021-01-15 16:00:44,845] {logging_mixin.py:112} INFO - [2021-01-15 16:00:44,845] {__init__.py:50} INFO - Using executor SequentialExecutor
[2021-01-15 16:00:44,846] {scheduler_job.py:1572} INFO - Processing file /Users/ichiro/airflow/dags/slack_noti.py for tasks to queue
[2021-01-15 16:00:44,846] {logging_mixin.py:112} INFO - [2021-01-15 16:00:44,846] {dagbag.py:417} INFO - Filling up the DagBag from /Users/ichiro/airflow/dags/slack_noti.py
[2021-01-15 16:00:44,848] {scheduler_job.py:1584} INFO - DAG(s) dict_keys(['slack_dag']) retrieved from /Users/ichiro/airflow/dags/slack_noti.py
[2021-01-15 16:00:44,858] {scheduler_job.py:162} INFO - Processing /Users/ichiro/airflow/dags/slack_noti.py took 0.028 seconds
[2021-01-15 16:01:40,977] {scheduler_job.py:154} INFO - Started process (PID=7934) to work on /Users/ichiro/airflow/dags/slack_noti.py
[2021-01-15 16:01:40,992] {logging_mixin.py:112} INFO - [2021-01-15 16:01:40,992] {__init__.py:50} INFO - Using executor SequentialExecutor
[2021-01-15 16:01:40,993] {scheduler_job.py:1572} INFO - Processing file /Users/ichiro/airflow/dags/slack_noti.py for tasks to queue
[2021-01-15 16:01:40,993] {logging_mixin.py:112} INFO - [2021-01-15 16:01:40,993] {dagbag.py:417} INFO - Filling up the DagBag from /Users/ichiro/airflow/dags/slack_noti.py
[2021-01-15 16:01:40,996] {scheduler_job.py:1584} INFO - DAG(s) dict_keys(['slack_dag']) retrieved from /Users/ichiro/airflow/dags/slack_noti.py
[2021-01-15 16:01:41,004] {scheduler_job.py:162} INFO - Processing /Users/ichiro/airflow/dags/slack_noti.py took 0.026 seconds
[2021-01-15 16:02:37,127] {scheduler_job.py:154} INFO - Started process (PID=7971) to work on /Users/ichiro/airflow/dags/slack_noti.py
[2021-01-15 16:02:37,142] {logging_mixin.py:112} INFO - [2021-01-15 16:02:37,142] {__init__.py:50} INFO - Using executor SequentialExecutor
[2021-01-15 16:02:37,142] {scheduler_job.py:1572} INFO - Processing file /Users/ichiro/airflow/dags/slack_noti.py for tasks to queue
[2021-01-15 16:02:37,143] {logging_mixin.py:112} INFO - [2021-01-15 16:02:37,142] {dagbag.py:417} INFO - Filling up the DagBag from /Users/ichiro/airflow/dags/slack_noti.py
[2021-01-15 16:02:37,145] {scheduler_job.py:1584} INFO - DAG(s) dict_keys(['slack_dag']) retrieved from /Users/ichiro/airflow/dags/slack_noti.py
[2021-01-15 16:02:37,154] {scheduler_job.py:162} INFO - Processing /Users/ichiro/airflow/dags/slack_noti.py took 0.027 seconds
[2021-01-15 16:03:33,366] {scheduler_job.py:154} INFO - Started process (PID=8005) to work on /Users/ichiro/airflow/dags/slack_noti.py
[2021-01-15 16:03:33,384] {logging_mixin.py:112} INFO - [2021-01-15 16:03:33,384] {__init__.py:50} INFO - Using executor SequentialExecutor
[2021-01-15 16:03:33,386] {scheduler_job.py:1572} INFO - Processing file /Users/ichiro/airflow/dags/slack_noti.py for tasks to queue
[2021-01-15 16:03:33,386] {logging_mixin.py:112} INFO - [2021-01-15 16:03:33,386] {dagbag.py:417} INFO - Filling up the DagBag from /Users/ichiro/airflow/dags/slack_noti.py
[2021-01-15 16:03:33,390] {scheduler_job.py:1584} INFO - DAG(s) dict_keys(['slack_dag']) retrieved from /Users/ichiro/airflow/dags/slack_noti.py
[2021-01-15 16:03:33,401] {scheduler_job.py:162} INFO - Processing /Users/ichiro/airflow/dags/slack_noti.py took 0.036 seconds
[2021-01-15 16:27:26,374] {scheduler_job.py:154} INFO - Started process (PID=8777) to work on /Users/ichiro/airflow/dags/slack_noti.py
[2021-01-15 16:27:26,390] {logging_mixin.py:112} INFO - [2021-01-15 16:27:26,389] {__init__.py:50} INFO - Using executor SequentialExecutor
[2021-01-15 16:27:26,390] {scheduler_job.py:1572} INFO - Processing file /Users/ichiro/airflow/dags/slack_noti.py for tasks to queue
[2021-01-15 16:27:26,390] {logging_mixin.py:112} INFO - [2021-01-15 16:27:26,390] {dagbag.py:417} INFO - Filling up the DagBag from /Users/ichiro/airflow/dags/slack_noti.py
[2021-01-15 16:27:26,393] {scheduler_job.py:1584} INFO - DAG(s) dict_keys(['slack_dag']) retrieved from /Users/ichiro/airflow/dags/slack_noti.py
[2021-01-15 16:27:26,402] {scheduler_job.py:1288} INFO - Processing slack_dag
[2021-01-15 16:27:26,416] {scheduler_job.py:1298} INFO - Created <DagRun slack_dag @ 2021-01-14 00:00:00+00:00: scheduled__2021-01-14T00:00:00+00:00, externally triggered: False>
[2021-01-15 16:27:26,417] {scheduler_job.py:771} INFO - Examining DAG run <DagRun slack_dag @ 2021-01-14 00:00:00+00:00: scheduled__2021-01-14T00:00:00+00:00, externally triggered: False>
[2021-01-15 16:27:26,424] {scheduler_job.py:771} INFO - Examining DAG run <DagRun slack_dag @ 2021-01-15 07:25:14.828212+00:00: manual__2021-01-15T07:25:14.828212+00:00, externally triggered: True>
[2021-01-15 16:27:26,430] {scheduler_job.py:771} INFO - Examining DAG run <DagRun slack_dag @ 2021-01-15 07:26:31.340113+00:00: manual__2021-01-15T07:26:31.340113+00:00, externally triggered: True>
[2021-01-15 16:27:26,436] {scheduler_job.py:459} INFO - Skipping SLA check for <DAG: slack_dag> because no tasks in DAG have SLAs
[2021-01-15 16:27:26,438] {scheduler_job.py:1651} INFO - Creating / updating <TaskInstance: slack_dag.success_py 2021-01-14 00:00:00+00:00 [scheduled]> in ORM
[2021-01-15 16:27:26,440] {scheduler_job.py:1651} INFO - Creating / updating <TaskInstance: slack_dag.success_py 2021-01-15 07:25:14.828212+00:00 [scheduled]> in ORM
[2021-01-15 16:27:26,442] {scheduler_job.py:1651} INFO - Creating / updating <TaskInstance: slack_dag.success_py 2021-01-15 07:26:31.340113+00:00 [scheduled]> in ORM
[2021-01-15 16:27:26,447] {scheduler_job.py:162} INFO - Processing /Users/ichiro/airflow/dags/slack_noti.py took 0.073 seconds
[2021-01-15 16:29:43,178] {scheduler_job.py:154} INFO - Started process (PID=8866) to work on /Users/ichiro/airflow/dags/slack_noti.py
[2021-01-15 16:29:43,193] {logging_mixin.py:112} INFO - [2021-01-15 16:29:43,193] {__init__.py:50} INFO - Using executor SequentialExecutor
[2021-01-15 16:29:43,193] {scheduler_job.py:1572} INFO - Processing file /Users/ichiro/airflow/dags/slack_noti.py for tasks to queue
[2021-01-15 16:29:43,194] {logging_mixin.py:112} INFO - [2021-01-15 16:29:43,193] {dagbag.py:417} INFO - Filling up the DagBag from /Users/ichiro/airflow/dags/slack_noti.py
[2021-01-15 16:29:43,195] {scheduler_job.py:1584} INFO - DAG(s) dict_keys(['slack_dag']) retrieved from /Users/ichiro/airflow/dags/slack_noti.py
[2021-01-15 16:29:43,206] {scheduler_job.py:1288} INFO - Processing slack_dag
[2021-01-15 16:29:43,212] {scheduler_job.py:771} INFO - Examining DAG run <DagRun slack_dag @ 2021-01-14 00:00:00+00:00: scheduled__2021-01-14T00:00:00+00:00, externally triggered: False>
[2021-01-15 16:29:43,219] {scheduler_job.py:771} INFO - Examining DAG run <DagRun slack_dag @ 2021-01-15 07:25:14.828212+00:00: manual__2021-01-15T07:25:14.828212+00:00, externally triggered: True>
[2021-01-15 16:29:43,224] {scheduler_job.py:771} INFO - Examining DAG run <DagRun slack_dag @ 2021-01-15 07:26:31.340113+00:00: manual__2021-01-15T07:26:31.340113+00:00, externally triggered: True>
[2021-01-15 16:29:43,229] {scheduler_job.py:459} INFO - Skipping SLA check for <DAG: slack_dag> because no tasks in DAG have SLAs
[2021-01-15 16:29:43,231] {scheduler_job.py:1651} INFO - Creating / updating <TaskInstance: slack_dag.fail_py 2021-01-14 00:00:00+00:00 [scheduled]> in ORM
[2021-01-15 16:29:43,234] {scheduler_job.py:1651} INFO - Creating / updating <TaskInstance: slack_dag.fail_py 2021-01-15 07:25:14.828212+00:00 [scheduled]> in ORM
[2021-01-15 16:29:43,236] {scheduler_job.py:1651} INFO - Creating / updating <TaskInstance: slack_dag.fail_py 2021-01-15 07:26:31.340113+00:00 [scheduled]> in ORM
[2021-01-15 16:29:43,242] {scheduler_job.py:162} INFO - Processing /Users/ichiro/airflow/dags/slack_noti.py took 0.064 seconds
[2021-01-15 16:31:24,654] {scheduler_job.py:154} INFO - Started process (PID=8931) to work on /Users/ichiro/airflow/dags/slack_noti.py
[2021-01-15 16:31:24,669] {logging_mixin.py:112} INFO - [2021-01-15 16:31:24,669] {__init__.py:50} INFO - Using executor SequentialExecutor
[2021-01-15 16:31:24,670] {scheduler_job.py:1572} INFO - Processing file /Users/ichiro/airflow/dags/slack_noti.py for tasks to queue
[2021-01-15 16:31:24,670] {logging_mixin.py:112} INFO - [2021-01-15 16:31:24,670] {dagbag.py:417} INFO - Filling up the DagBag from /Users/ichiro/airflow/dags/slack_noti.py
[2021-01-15 16:31:24,672] {scheduler_job.py:1584} INFO - DAG(s) dict_keys(['slack_dag']) retrieved from /Users/ichiro/airflow/dags/slack_noti.py
[2021-01-15 16:31:24,684] {scheduler_job.py:1288} INFO - Processing slack_dag
[2021-01-15 16:31:24,690] {scheduler_job.py:771} INFO - Examining DAG run <DagRun slack_dag @ 2021-01-14 00:00:00+00:00: scheduled__2021-01-14T00:00:00+00:00, externally triggered: False>
[2021-01-15 16:31:24,696] {scheduler_job.py:771} INFO - Examining DAG run <DagRun slack_dag @ 2021-01-15 07:25:14.828212+00:00: manual__2021-01-15T07:25:14.828212+00:00, externally triggered: True>
[2021-01-15 16:31:24,701] {scheduler_job.py:771} INFO - Examining DAG run <DagRun slack_dag @ 2021-01-15 07:26:31.340113+00:00: manual__2021-01-15T07:26:31.340113+00:00, externally triggered: True>
[2021-01-15 16:31:24,708] {scheduler_job.py:459} INFO - Skipping SLA check for <DAG: slack_dag> because no tasks in DAG have SLAs
[2021-01-15 16:31:24,711] {scheduler_job.py:1651} INFO - Creating / updating <TaskInstance: slack_dag.fail_py 2021-01-14 00:00:00+00:00 [scheduled]> in ORM
[2021-01-15 16:31:24,713] {scheduler_job.py:1651} INFO - Creating / updating <TaskInstance: slack_dag.fail_py 2021-01-15 07:25:14.828212+00:00 [scheduled]> in ORM
[2021-01-15 16:31:24,714] {scheduler_job.py:1651} INFO - Creating / updating <TaskInstance: slack_dag.fail_py 2021-01-15 07:26:31.340113+00:00 [scheduled]> in ORM
[2021-01-15 16:31:24,719] {scheduler_job.py:162} INFO - Processing /Users/ichiro/airflow/dags/slack_noti.py took 0.065 seconds
[2021-01-15 16:32:50,067] {scheduler_job.py:154} INFO - Started process (PID=8980) to work on /Users/ichiro/airflow/dags/slack_noti.py
[2021-01-15 16:32:50,081] {logging_mixin.py:112} INFO - [2021-01-15 16:32:50,081] {__init__.py:50} INFO - Using executor SequentialExecutor
[2021-01-15 16:32:50,081] {scheduler_job.py:1572} INFO - Processing file /Users/ichiro/airflow/dags/slack_noti.py for tasks to queue
[2021-01-15 16:32:50,082] {logging_mixin.py:112} INFO - [2021-01-15 16:32:50,082] {dagbag.py:417} INFO - Filling up the DagBag from /Users/ichiro/airflow/dags/slack_noti.py
[2021-01-15 16:32:50,083] {scheduler_job.py:1584} INFO - DAG(s) dict_keys(['slack_dag']) retrieved from /Users/ichiro/airflow/dags/slack_noti.py
[2021-01-15 16:32:50,093] {scheduler_job.py:1288} INFO - Processing slack_dag
[2021-01-15 16:32:50,097] {scheduler_job.py:771} INFO - Examining DAG run <DagRun slack_dag @ 2021-01-14 00:00:00+00:00: scheduled__2021-01-14T00:00:00+00:00, externally triggered: False>
[2021-01-15 16:32:50,103] {scheduler_job.py:771} INFO - Examining DAG run <DagRun slack_dag @ 2021-01-15 07:25:14.828212+00:00: manual__2021-01-15T07:25:14.828212+00:00, externally triggered: True>
[2021-01-15 16:32:50,108] {scheduler_job.py:771} INFO - Examining DAG run <DagRun slack_dag @ 2021-01-15 07:26:31.340113+00:00: manual__2021-01-15T07:26:31.340113+00:00, externally triggered: True>
[2021-01-15 16:32:50,112] {scheduler_job.py:459} INFO - Skipping SLA check for <DAG: slack_dag> because no tasks in DAG have SLAs
[2021-01-15 16:32:50,115] {logging_mixin.py:112} INFO - aaaaaaaaaatest
[2021-01-15 16:32:50,726] {logging_mixin.py:112} INFO - [2021-01-15 16:32:50,726] {dagbag.py:357} INFO - Marked zombie job <TaskInstance: slack_dag.fail_py 2021-01-15 07:25:14.828212+00:00 [failed]> as failed
[2021-01-15 16:32:50,729] {logging_mixin.py:112} INFO - aaaaaaaaaatest
[2021-01-15 16:32:51,186] {logging_mixin.py:112} INFO - [2021-01-15 16:32:51,186] {dagbag.py:357} INFO - Marked zombie job <TaskInstance: slack_dag.fail_py 2021-01-15 07:26:31.340113+00:00 [failed]> as failed
[2021-01-15 16:32:51,188] {logging_mixin.py:112} INFO - aaaaaaaaaatest
[2021-01-15 16:32:51,611] {logging_mixin.py:112} INFO - [2021-01-15 16:32:51,611] {dagbag.py:357} INFO - Marked zombie job <TaskInstance: slack_dag.fail_py 2021-01-14 00:00:00+00:00 [failed]> as failed
[2021-01-15 16:32:51,612] {scheduler_job.py:162} INFO - Processing /Users/ichiro/airflow/dags/slack_noti.py took 1.545 seconds
[2021-01-15 16:33:46,260] {scheduler_job.py:154} INFO - Started process (PID=9020) to work on /Users/ichiro/airflow/dags/slack_noti.py
[2021-01-15 16:33:46,279] {logging_mixin.py:112} INFO - [2021-01-15 16:33:46,279] {__init__.py:50} INFO - Using executor SequentialExecutor
[2021-01-15 16:33:46,280] {scheduler_job.py:1572} INFO - Processing file /Users/ichiro/airflow/dags/slack_noti.py for tasks to queue
[2021-01-15 16:33:46,280] {logging_mixin.py:112} INFO - [2021-01-15 16:33:46,280] {dagbag.py:417} INFO - Filling up the DagBag from /Users/ichiro/airflow/dags/slack_noti.py
[2021-01-15 16:33:46,282] {scheduler_job.py:1584} INFO - DAG(s) dict_keys(['slack_dag']) retrieved from /Users/ichiro/airflow/dags/slack_noti.py
[2021-01-15 16:33:46,294] {scheduler_job.py:1288} INFO - Processing slack_dag
[2021-01-15 16:33:46,299] {scheduler_job.py:771} INFO - Examining DAG run <DagRun slack_dag @ 2021-01-14 00:00:00+00:00: scheduled__2021-01-14T00:00:00+00:00, externally triggered: False>
[2021-01-15 16:33:46,305] {logging_mixin.py:112} INFO - [2021-01-15 16:33:46,305] {dagrun.py:298} INFO - Marking run <DagRun slack_dag @ 2021-01-14 00:00:00+00:00: scheduled__2021-01-14T00:00:00+00:00, externally triggered: False> failed
[2021-01-15 16:33:46,307] {scheduler_job.py:771} INFO - Examining DAG run <DagRun slack_dag @ 2021-01-15 07:25:14.828212+00:00: manual__2021-01-15T07:25:14.828212+00:00, externally triggered: True>
[2021-01-15 16:33:46,312] {logging_mixin.py:112} INFO - [2021-01-15 16:33:46,312] {dagrun.py:298} INFO - Marking run <DagRun slack_dag @ 2021-01-15 07:25:14.828212+00:00: manual__2021-01-15T07:25:14.828212+00:00, externally triggered: True> failed
[2021-01-15 16:33:46,313] {scheduler_job.py:771} INFO - Examining DAG run <DagRun slack_dag @ 2021-01-15 07:26:31.340113+00:00: manual__2021-01-15T07:26:31.340113+00:00, externally triggered: True>
[2021-01-15 16:33:46,317] {logging_mixin.py:112} INFO - [2021-01-15 16:33:46,317] {dagrun.py:298} INFO - Marking run <DagRun slack_dag @ 2021-01-15 07:26:31.340113+00:00: manual__2021-01-15T07:26:31.340113+00:00, externally triggered: True> failed
[2021-01-15 16:33:46,319] {scheduler_job.py:459} INFO - Skipping SLA check for <DAG: slack_dag> because no tasks in DAG have SLAs
[2021-01-15 16:33:46,320] {scheduler_job.py:162} INFO - Processing /Users/ichiro/airflow/dags/slack_noti.py took 0.060 seconds
[2021-01-15 16:34:42,294] {scheduler_job.py:154} INFO - Started process (PID=9055) to work on /Users/ichiro/airflow/dags/slack_noti.py
[2021-01-15 16:34:42,309] {logging_mixin.py:112} INFO - [2021-01-15 16:34:42,309] {__init__.py:50} INFO - Using executor SequentialExecutor
[2021-01-15 16:34:42,310] {scheduler_job.py:1572} INFO - Processing file /Users/ichiro/airflow/dags/slack_noti.py for tasks to queue
[2021-01-15 16:34:42,310] {logging_mixin.py:112} INFO - [2021-01-15 16:34:42,310] {dagbag.py:417} INFO - Filling up the DagBag from /Users/ichiro/airflow/dags/slack_noti.py
[2021-01-15 16:34:42,313] {scheduler_job.py:1584} INFO - DAG(s) dict_keys(['slack_dag']) retrieved from /Users/ichiro/airflow/dags/slack_noti.py
[2021-01-15 16:34:42,324] {scheduler_job.py:1288} INFO - Processing slack_dag
[2021-01-15 16:34:42,328] {scheduler_job.py:459} INFO - Skipping SLA check for <DAG: slack_dag> because no tasks in DAG have SLAs
[2021-01-15 16:34:42,330] {scheduler_job.py:162} INFO - Processing /Users/ichiro/airflow/dags/slack_noti.py took 0.036 seconds
[2021-01-15 16:35:38,614] {scheduler_job.py:154} INFO - Started process (PID=9098) to work on /Users/ichiro/airflow/dags/slack_noti.py
[2021-01-15 16:35:38,634] {logging_mixin.py:112} INFO - [2021-01-15 16:35:38,634] {__init__.py:50} INFO - Using executor SequentialExecutor
[2021-01-15 16:35:38,635] {scheduler_job.py:1572} INFO - Processing file /Users/ichiro/airflow/dags/slack_noti.py for tasks to queue
[2021-01-15 16:35:38,635] {logging_mixin.py:112} INFO - [2021-01-15 16:35:38,635] {dagbag.py:417} INFO - Filling up the DagBag from /Users/ichiro/airflow/dags/slack_noti.py
[2021-01-15 16:35:38,637] {scheduler_job.py:1584} INFO - DAG(s) dict_keys(['slack_dag']) retrieved from /Users/ichiro/airflow/dags/slack_noti.py
[2021-01-15 16:35:38,647] {scheduler_job.py:1288} INFO - Processing slack_dag
[2021-01-15 16:35:38,654] {scheduler_job.py:459} INFO - Skipping SLA check for <DAG: slack_dag> because no tasks in DAG have SLAs
[2021-01-15 16:35:38,656] {scheduler_job.py:162} INFO - Processing /Users/ichiro/airflow/dags/slack_noti.py took 0.043 seconds
[2021-01-15 16:36:39,820] {scheduler_job.py:154} INFO - Started process (PID=9142) to work on /Users/ichiro/airflow/dags/slack_noti.py
[2021-01-15 16:36:39,835] {logging_mixin.py:112} INFO - [2021-01-15 16:36:39,835] {__init__.py:50} INFO - Using executor SequentialExecutor
[2021-01-15 16:36:39,836] {scheduler_job.py:1572} INFO - Processing file /Users/ichiro/airflow/dags/slack_noti.py for tasks to queue
[2021-01-15 16:36:39,836] {logging_mixin.py:112} INFO - [2021-01-15 16:36:39,836] {dagbag.py:417} INFO - Filling up the DagBag from /Users/ichiro/airflow/dags/slack_noti.py
[2021-01-15 16:36:39,837] {scheduler_job.py:1584} INFO - DAG(s) dict_keys(['slack_dag']) retrieved from /Users/ichiro/airflow/dags/slack_noti.py
[2021-01-15 16:36:39,848] {scheduler_job.py:1288} INFO - Processing slack_dag
[2021-01-15 16:36:39,853] {scheduler_job.py:459} INFO - Skipping SLA check for <DAG: slack_dag> because no tasks in DAG have SLAs
[2021-01-15 16:36:39,855] {scheduler_job.py:162} INFO - Processing /Users/ichiro/airflow/dags/slack_noti.py took 0.034 seconds
[2021-01-15 16:37:41,140] {scheduler_job.py:154} INFO - Started process (PID=9185) to work on /Users/ichiro/airflow/dags/slack_noti.py
[2021-01-15 16:37:41,154] {logging_mixin.py:112} INFO - [2021-01-15 16:37:41,154] {__init__.py:50} INFO - Using executor SequentialExecutor
[2021-01-15 16:37:41,155] {scheduler_job.py:1572} INFO - Processing file /Users/ichiro/airflow/dags/slack_noti.py for tasks to queue
[2021-01-15 16:37:41,155] {logging_mixin.py:112} INFO - [2021-01-15 16:37:41,155] {dagbag.py:417} INFO - Filling up the DagBag from /Users/ichiro/airflow/dags/slack_noti.py
[2021-01-15 16:37:41,157] {scheduler_job.py:1584} INFO - DAG(s) dict_keys(['slack_dag']) retrieved from /Users/ichiro/airflow/dags/slack_noti.py
[2021-01-15 16:37:41,168] {scheduler_job.py:1288} INFO - Processing slack_dag
[2021-01-15 16:37:41,173] {scheduler_job.py:459} INFO - Skipping SLA check for <DAG: slack_dag> because no tasks in DAG have SLAs
[2021-01-15 16:37:41,175] {scheduler_job.py:162} INFO - Processing /Users/ichiro/airflow/dags/slack_noti.py took 0.036 seconds
[2021-01-15 16:38:42,476] {scheduler_job.py:154} INFO - Started process (PID=9222) to work on /Users/ichiro/airflow/dags/slack_noti.py
[2021-01-15 16:38:42,491] {logging_mixin.py:112} INFO - [2021-01-15 16:38:42,491] {__init__.py:50} INFO - Using executor SequentialExecutor
[2021-01-15 16:38:42,491] {scheduler_job.py:1572} INFO - Processing file /Users/ichiro/airflow/dags/slack_noti.py for tasks to queue
[2021-01-15 16:38:42,491] {logging_mixin.py:112} INFO - [2021-01-15 16:38:42,491] {dagbag.py:417} INFO - Filling up the DagBag from /Users/ichiro/airflow/dags/slack_noti.py
[2021-01-15 16:38:42,493] {scheduler_job.py:1584} INFO - DAG(s) dict_keys(['slack_dag']) retrieved from /Users/ichiro/airflow/dags/slack_noti.py
[2021-01-15 16:38:42,504] {scheduler_job.py:1288} INFO - Processing slack_dag
[2021-01-15 16:38:42,508] {scheduler_job.py:459} INFO - Skipping SLA check for <DAG: slack_dag> because no tasks in DAG have SLAs
[2021-01-15 16:38:42,510] {scheduler_job.py:162} INFO - Processing /Users/ichiro/airflow/dags/slack_noti.py took 0.034 seconds
[2021-01-15 16:39:38,766] {scheduler_job.py:154} INFO - Started process (PID=9261) to work on /Users/ichiro/airflow/dags/slack_noti.py
[2021-01-15 16:39:38,783] {logging_mixin.py:112} INFO - [2021-01-15 16:39:38,783] {__init__.py:50} INFO - Using executor SequentialExecutor
[2021-01-15 16:39:38,784] {scheduler_job.py:1572} INFO - Processing file /Users/ichiro/airflow/dags/slack_noti.py for tasks to queue
[2021-01-15 16:39:38,784] {logging_mixin.py:112} INFO - [2021-01-15 16:39:38,784] {dagbag.py:417} INFO - Filling up the DagBag from /Users/ichiro/airflow/dags/slack_noti.py
[2021-01-15 16:39:38,786] {scheduler_job.py:1584} INFO - DAG(s) dict_keys(['slack_dag']) retrieved from /Users/ichiro/airflow/dags/slack_noti.py
[2021-01-15 16:39:38,796] {scheduler_job.py:1288} INFO - Processing slack_dag
[2021-01-15 16:39:38,801] {scheduler_job.py:459} INFO - Skipping SLA check for <DAG: slack_dag> because no tasks in DAG have SLAs
[2021-01-15 16:39:38,804] {scheduler_job.py:162} INFO - Processing /Users/ichiro/airflow/dags/slack_noti.py took 0.037 seconds
[2021-01-15 16:40:34,891] {scheduler_job.py:154} INFO - Started process (PID=9309) to work on /Users/ichiro/airflow/dags/slack_noti.py
[2021-01-15 16:40:34,912] {logging_mixin.py:112} INFO - [2021-01-15 16:40:34,912] {__init__.py:50} INFO - Using executor SequentialExecutor
[2021-01-15 16:40:34,930] {scheduler_job.py:1572} INFO - Processing file /Users/ichiro/airflow/dags/slack_noti.py for tasks to queue
[2021-01-15 16:40:34,930] {logging_mixin.py:112} INFO - [2021-01-15 16:40:34,930] {dagbag.py:417} INFO - Filling up the DagBag from /Users/ichiro/airflow/dags/slack_noti.py
[2021-01-15 16:40:34,934] {scheduler_job.py:1584} INFO - DAG(s) dict_keys(['slack_dag']) retrieved from /Users/ichiro/airflow/dags/slack_noti.py
[2021-01-15 16:40:34,990] {scheduler_job.py:1288} INFO - Processing slack_dag
[2021-01-15 16:40:34,997] {scheduler_job.py:459} INFO - Skipping SLA check for <DAG: slack_dag> because no tasks in DAG have SLAs
[2021-01-15 16:40:35,000] {scheduler_job.py:162} INFO - Processing /Users/ichiro/airflow/dags/slack_noti.py took 0.108 seconds
[2021-01-15 16:41:31,214] {scheduler_job.py:154} INFO - Started process (PID=9350) to work on /Users/ichiro/airflow/dags/slack_noti.py
[2021-01-15 16:41:31,228] {logging_mixin.py:112} INFO - [2021-01-15 16:41:31,228] {__init__.py:50} INFO - Using executor SequentialExecutor
[2021-01-15 16:41:31,229] {scheduler_job.py:1572} INFO - Processing file /Users/ichiro/airflow/dags/slack_noti.py for tasks to queue
[2021-01-15 16:41:31,229] {logging_mixin.py:112} INFO - [2021-01-15 16:41:31,229] {dagbag.py:417} INFO - Filling up the DagBag from /Users/ichiro/airflow/dags/slack_noti.py
[2021-01-15 16:41:31,231] {scheduler_job.py:1584} INFO - DAG(s) dict_keys(['slack_dag']) retrieved from /Users/ichiro/airflow/dags/slack_noti.py
[2021-01-15 16:41:31,243] {scheduler_job.py:1288} INFO - Processing slack_dag
[2021-01-15 16:41:31,251] {scheduler_job.py:459} INFO - Skipping SLA check for <DAG: slack_dag> because no tasks in DAG have SLAs
[2021-01-15 16:41:31,253] {scheduler_job.py:162} INFO - Processing /Users/ichiro/airflow/dags/slack_noti.py took 0.039 seconds
[2021-01-15 16:42:27,197] {scheduler_job.py:154} INFO - Started process (PID=9385) to work on /Users/ichiro/airflow/dags/slack_noti.py
[2021-01-15 16:42:27,214] {logging_mixin.py:112} INFO - [2021-01-15 16:42:27,214] {__init__.py:50} INFO - Using executor SequentialExecutor
[2021-01-15 16:42:27,214] {scheduler_job.py:1572} INFO - Processing file /Users/ichiro/airflow/dags/slack_noti.py for tasks to queue
[2021-01-15 16:42:27,215] {logging_mixin.py:112} INFO - [2021-01-15 16:42:27,214] {dagbag.py:417} INFO - Filling up the DagBag from /Users/ichiro/airflow/dags/slack_noti.py
[2021-01-15 16:42:27,216] {scheduler_job.py:1584} INFO - DAG(s) dict_keys(['slack_dag']) retrieved from /Users/ichiro/airflow/dags/slack_noti.py
[2021-01-15 16:42:27,228] {scheduler_job.py:1288} INFO - Processing slack_dag
[2021-01-15 16:42:27,233] {scheduler_job.py:459} INFO - Skipping SLA check for <DAG: slack_dag> because no tasks in DAG have SLAs
[2021-01-15 16:42:27,236] {scheduler_job.py:162} INFO - Processing /Users/ichiro/airflow/dags/slack_noti.py took 0.039 seconds
[2021-01-15 16:43:23,284] {scheduler_job.py:154} INFO - Started process (PID=9421) to work on /Users/ichiro/airflow/dags/slack_noti.py
[2021-01-15 16:43:23,300] {logging_mixin.py:112} INFO - [2021-01-15 16:43:23,300] {__init__.py:50} INFO - Using executor SequentialExecutor
[2021-01-15 16:43:23,301] {scheduler_job.py:1572} INFO - Processing file /Users/ichiro/airflow/dags/slack_noti.py for tasks to queue
[2021-01-15 16:43:23,301] {logging_mixin.py:112} INFO - [2021-01-15 16:43:23,301] {dagbag.py:417} INFO - Filling up the DagBag from /Users/ichiro/airflow/dags/slack_noti.py
[2021-01-15 16:43:23,302] {scheduler_job.py:1584} INFO - DAG(s) dict_keys(['slack_dag']) retrieved from /Users/ichiro/airflow/dags/slack_noti.py
[2021-01-15 16:43:23,312] {scheduler_job.py:1288} INFO - Processing slack_dag
[2021-01-15 16:43:23,316] {scheduler_job.py:459} INFO - Skipping SLA check for <DAG: slack_dag> because no tasks in DAG have SLAs
[2021-01-15 16:43:23,319] {scheduler_job.py:162} INFO - Processing /Users/ichiro/airflow/dags/slack_noti.py took 0.035 seconds
[2021-01-15 16:44:19,888] {scheduler_job.py:154} INFO - Started process (PID=9458) to work on /Users/ichiro/airflow/dags/slack_noti.py
[2021-01-15 16:44:19,908] {logging_mixin.py:112} INFO - [2021-01-15 16:44:19,907] {__init__.py:50} INFO - Using executor SequentialExecutor
[2021-01-15 16:44:19,909] {scheduler_job.py:1572} INFO - Processing file /Users/ichiro/airflow/dags/slack_noti.py for tasks to queue
[2021-01-15 16:44:19,909] {logging_mixin.py:112} INFO - [2021-01-15 16:44:19,909] {dagbag.py:417} INFO - Filling up the DagBag from /Users/ichiro/airflow/dags/slack_noti.py
[2021-01-15 16:44:19,911] {scheduler_job.py:1584} INFO - DAG(s) dict_keys(['slack_dag']) retrieved from /Users/ichiro/airflow/dags/slack_noti.py
[2021-01-15 16:44:19,922] {scheduler_job.py:1288} INFO - Processing slack_dag
[2021-01-15 16:44:19,929] {scheduler_job.py:459} INFO - Skipping SLA check for <DAG: slack_dag> because no tasks in DAG have SLAs
[2021-01-15 16:44:19,931] {scheduler_job.py:162} INFO - Processing /Users/ichiro/airflow/dags/slack_noti.py took 0.043 seconds
[2021-01-15 16:45:20,776] {scheduler_job.py:154} INFO - Started process (PID=9500) to work on /Users/ichiro/airflow/dags/slack_noti.py
[2021-01-15 16:45:20,791] {logging_mixin.py:112} INFO - [2021-01-15 16:45:20,790] {__init__.py:50} INFO - Using executor SequentialExecutor
[2021-01-15 16:45:20,791] {scheduler_job.py:1572} INFO - Processing file /Users/ichiro/airflow/dags/slack_noti.py for tasks to queue
[2021-01-15 16:45:20,791] {logging_mixin.py:112} INFO - [2021-01-15 16:45:20,791] {dagbag.py:417} INFO - Filling up the DagBag from /Users/ichiro/airflow/dags/slack_noti.py
[2021-01-15 16:45:20,793] {scheduler_job.py:1584} INFO - DAG(s) dict_keys(['slack_dag']) retrieved from /Users/ichiro/airflow/dags/slack_noti.py
[2021-01-15 16:45:20,808] {scheduler_job.py:1288} INFO - Processing slack_dag
[2021-01-15 16:45:20,815] {scheduler_job.py:459} INFO - Skipping SLA check for <DAG: slack_dag> because no tasks in DAG have SLAs
[2021-01-15 16:45:20,818] {scheduler_job.py:162} INFO - Processing /Users/ichiro/airflow/dags/slack_noti.py took 0.042 seconds
[2021-01-15 16:46:22,095] {scheduler_job.py:154} INFO - Started process (PID=9541) to work on /Users/ichiro/airflow/dags/slack_noti.py
[2021-01-15 16:46:22,109] {logging_mixin.py:112} INFO - [2021-01-15 16:46:22,109] {__init__.py:50} INFO - Using executor SequentialExecutor
[2021-01-15 16:46:22,110] {scheduler_job.py:1572} INFO - Processing file /Users/ichiro/airflow/dags/slack_noti.py for tasks to queue
[2021-01-15 16:46:22,110] {logging_mixin.py:112} INFO - [2021-01-15 16:46:22,110] {dagbag.py:417} INFO - Filling up the DagBag from /Users/ichiro/airflow/dags/slack_noti.py
[2021-01-15 16:46:22,112] {scheduler_job.py:1584} INFO - DAG(s) dict_keys(['slack_dag']) retrieved from /Users/ichiro/airflow/dags/slack_noti.py
[2021-01-15 16:46:22,122] {scheduler_job.py:1288} INFO - Processing slack_dag
[2021-01-15 16:46:22,127] {scheduler_job.py:459} INFO - Skipping SLA check for <DAG: slack_dag> because no tasks in DAG have SLAs
[2021-01-15 16:46:22,130] {scheduler_job.py:162} INFO - Processing /Users/ichiro/airflow/dags/slack_noti.py took 0.035 seconds
[2021-01-15 16:47:23,423] {scheduler_job.py:154} INFO - Started process (PID=9581) to work on /Users/ichiro/airflow/dags/slack_noti.py
[2021-01-15 16:47:23,443] {logging_mixin.py:112} INFO - [2021-01-15 16:47:23,443] {__init__.py:50} INFO - Using executor SequentialExecutor
[2021-01-15 16:47:23,444] {scheduler_job.py:1572} INFO - Processing file /Users/ichiro/airflow/dags/slack_noti.py for tasks to queue
[2021-01-15 16:47:23,444] {logging_mixin.py:112} INFO - [2021-01-15 16:47:23,444] {dagbag.py:417} INFO - Filling up the DagBag from /Users/ichiro/airflow/dags/slack_noti.py
[2021-01-15 16:47:23,446] {scheduler_job.py:1584} INFO - DAG(s) dict_keys(['slack_dag']) retrieved from /Users/ichiro/airflow/dags/slack_noti.py
[2021-01-15 16:47:23,458] {scheduler_job.py:1288} INFO - Processing slack_dag
[2021-01-15 16:47:23,463] {scheduler_job.py:459} INFO - Skipping SLA check for <DAG: slack_dag> because no tasks in DAG have SLAs
[2021-01-15 16:47:23,466] {scheduler_job.py:162} INFO - Processing /Users/ichiro/airflow/dags/slack_noti.py took 0.043 seconds
[2021-01-15 16:48:19,583] {scheduler_job.py:154} INFO - Started process (PID=9626) to work on /Users/ichiro/airflow/dags/slack_noti.py
[2021-01-15 16:48:19,598] {logging_mixin.py:112} INFO - [2021-01-15 16:48:19,598] {__init__.py:50} INFO - Using executor SequentialExecutor
[2021-01-15 16:48:19,599] {scheduler_job.py:1572} INFO - Processing file /Users/ichiro/airflow/dags/slack_noti.py for tasks to queue
[2021-01-15 16:48:19,599] {logging_mixin.py:112} INFO - [2021-01-15 16:48:19,599] {dagbag.py:417} INFO - Filling up the DagBag from /Users/ichiro/airflow/dags/slack_noti.py
[2021-01-15 16:48:19,601] {scheduler_job.py:1584} INFO - DAG(s) dict_keys(['slack_dag']) retrieved from /Users/ichiro/airflow/dags/slack_noti.py
[2021-01-15 16:48:19,612] {scheduler_job.py:1288} INFO - Processing slack_dag
[2021-01-15 16:48:19,617] {scheduler_job.py:459} INFO - Skipping SLA check for <DAG: slack_dag> because no tasks in DAG have SLAs
[2021-01-15 16:48:19,619] {scheduler_job.py:162} INFO - Processing /Users/ichiro/airflow/dags/slack_noti.py took 0.035 seconds
[2021-01-15 16:49:15,747] {scheduler_job.py:154} INFO - Started process (PID=9664) to work on /Users/ichiro/airflow/dags/slack_noti.py
[2021-01-15 16:49:15,762] {logging_mixin.py:112} INFO - [2021-01-15 16:49:15,762] {__init__.py:50} INFO - Using executor SequentialExecutor
[2021-01-15 16:49:15,763] {scheduler_job.py:1572} INFO - Processing file /Users/ichiro/airflow/dags/slack_noti.py for tasks to queue
[2021-01-15 16:49:15,763] {logging_mixin.py:112} INFO - [2021-01-15 16:49:15,763] {dagbag.py:417} INFO - Filling up the DagBag from /Users/ichiro/airflow/dags/slack_noti.py
[2021-01-15 16:49:15,765] {scheduler_job.py:1584} INFO - DAG(s) dict_keys(['slack_dag']) retrieved from /Users/ichiro/airflow/dags/slack_noti.py
[2021-01-15 16:49:15,774] {scheduler_job.py:1288} INFO - Processing slack_dag
[2021-01-15 16:49:15,778] {scheduler_job.py:459} INFO - Skipping SLA check for <DAG: slack_dag> because no tasks in DAG have SLAs
[2021-01-15 16:49:15,780] {scheduler_job.py:162} INFO - Processing /Users/ichiro/airflow/dags/slack_noti.py took 0.033 seconds
[2021-01-15 16:50:11,931] {scheduler_job.py:154} INFO - Started process (PID=9702) to work on /Users/ichiro/airflow/dags/slack_noti.py
[2021-01-15 16:50:11,946] {logging_mixin.py:112} INFO - [2021-01-15 16:50:11,946] {__init__.py:50} INFO - Using executor SequentialExecutor
[2021-01-15 16:50:11,946] {scheduler_job.py:1572} INFO - Processing file /Users/ichiro/airflow/dags/slack_noti.py for tasks to queue
[2021-01-15 16:50:11,947] {logging_mixin.py:112} INFO - [2021-01-15 16:50:11,946] {dagbag.py:417} INFO - Filling up the DagBag from /Users/ichiro/airflow/dags/slack_noti.py
[2021-01-15 16:50:11,948] {scheduler_job.py:1584} INFO - DAG(s) dict_keys(['slack_dag']) retrieved from /Users/ichiro/airflow/dags/slack_noti.py
[2021-01-15 16:50:11,959] {scheduler_job.py:1288} INFO - Processing slack_dag
[2021-01-15 16:50:11,964] {scheduler_job.py:459} INFO - Skipping SLA check for <DAG: slack_dag> because no tasks in DAG have SLAs
[2021-01-15 16:50:11,966] {scheduler_job.py:162} INFO - Processing /Users/ichiro/airflow/dags/slack_noti.py took 0.035 seconds
[2021-01-15 16:51:08,055] {scheduler_job.py:154} INFO - Started process (PID=9743) to work on /Users/ichiro/airflow/dags/slack_noti.py
[2021-01-15 16:51:08,069] {logging_mixin.py:112} INFO - [2021-01-15 16:51:08,069] {__init__.py:50} INFO - Using executor SequentialExecutor
[2021-01-15 16:51:08,070] {scheduler_job.py:1572} INFO - Processing file /Users/ichiro/airflow/dags/slack_noti.py for tasks to queue
[2021-01-15 16:51:08,070] {logging_mixin.py:112} INFO - [2021-01-15 16:51:08,070] {dagbag.py:417} INFO - Filling up the DagBag from /Users/ichiro/airflow/dags/slack_noti.py
[2021-01-15 16:51:08,071] {scheduler_job.py:1584} INFO - DAG(s) dict_keys(['slack_dag']) retrieved from /Users/ichiro/airflow/dags/slack_noti.py
[2021-01-15 16:51:08,082] {scheduler_job.py:1288} INFO - Processing slack_dag
[2021-01-15 16:51:08,086] {scheduler_job.py:459} INFO - Skipping SLA check for <DAG: slack_dag> because no tasks in DAG have SLAs
[2021-01-15 16:51:08,088] {scheduler_job.py:162} INFO - Processing /Users/ichiro/airflow/dags/slack_noti.py took 0.033 seconds
[2021-01-15 16:52:04,263] {scheduler_job.py:154} INFO - Started process (PID=9778) to work on /Users/ichiro/airflow/dags/slack_noti.py
[2021-01-15 16:52:04,279] {logging_mixin.py:112} INFO - [2021-01-15 16:52:04,279] {__init__.py:50} INFO - Using executor SequentialExecutor
[2021-01-15 16:52:04,280] {scheduler_job.py:1572} INFO - Processing file /Users/ichiro/airflow/dags/slack_noti.py for tasks to queue
[2021-01-15 16:52:04,280] {logging_mixin.py:112} INFO - [2021-01-15 16:52:04,280] {dagbag.py:417} INFO - Filling up the DagBag from /Users/ichiro/airflow/dags/slack_noti.py
[2021-01-15 16:52:04,282] {scheduler_job.py:1584} INFO - DAG(s) dict_keys(['slack_dag']) retrieved from /Users/ichiro/airflow/dags/slack_noti.py
[2021-01-15 16:52:04,293] {scheduler_job.py:1288} INFO - Processing slack_dag
[2021-01-15 16:52:04,298] {scheduler_job.py:459} INFO - Skipping SLA check for <DAG: slack_dag> because no tasks in DAG have SLAs
[2021-01-15 16:52:04,301] {scheduler_job.py:162} INFO - Processing /Users/ichiro/airflow/dags/slack_noti.py took 0.037 seconds
[2021-01-15 16:53:00,426] {scheduler_job.py:154} INFO - Started process (PID=9812) to work on /Users/ichiro/airflow/dags/slack_noti.py
[2021-01-15 16:53:00,444] {logging_mixin.py:112} INFO - [2021-01-15 16:53:00,444] {__init__.py:50} INFO - Using executor SequentialExecutor
[2021-01-15 16:53:00,445] {scheduler_job.py:1572} INFO - Processing file /Users/ichiro/airflow/dags/slack_noti.py for tasks to queue
[2021-01-15 16:53:00,445] {logging_mixin.py:112} INFO - [2021-01-15 16:53:00,445] {dagbag.py:417} INFO - Filling up the DagBag from /Users/ichiro/airflow/dags/slack_noti.py
[2021-01-15 16:53:00,447] {scheduler_job.py:1584} INFO - DAG(s) dict_keys(['slack_dag']) retrieved from /Users/ichiro/airflow/dags/slack_noti.py
[2021-01-15 16:53:00,457] {scheduler_job.py:1288} INFO - Processing slack_dag
[2021-01-15 16:53:00,462] {scheduler_job.py:459} INFO - Skipping SLA check for <DAG: slack_dag> because no tasks in DAG have SLAs
[2021-01-15 16:53:00,464] {scheduler_job.py:162} INFO - Processing /Users/ichiro/airflow/dags/slack_noti.py took 0.037 seconds
[2021-01-15 16:53:57,017] {scheduler_job.py:154} INFO - Started process (PID=9848) to work on /Users/ichiro/airflow/dags/slack_noti.py
[2021-01-15 16:53:57,043] {logging_mixin.py:112} INFO - [2021-01-15 16:53:57,043] {__init__.py:50} INFO - Using executor SequentialExecutor
[2021-01-15 16:53:57,045] {scheduler_job.py:1572} INFO - Processing file /Users/ichiro/airflow/dags/slack_noti.py for tasks to queue
[2021-01-15 16:53:57,045] {logging_mixin.py:112} INFO - [2021-01-15 16:53:57,045] {dagbag.py:417} INFO - Filling up the DagBag from /Users/ichiro/airflow/dags/slack_noti.py
[2021-01-15 16:53:57,049] {scheduler_job.py:1584} INFO - DAG(s) dict_keys(['slack_dag']) retrieved from /Users/ichiro/airflow/dags/slack_noti.py
[2021-01-15 16:53:57,071] {scheduler_job.py:1288} INFO - Processing slack_dag
[2021-01-15 16:53:57,082] {scheduler_job.py:459} INFO - Skipping SLA check for <DAG: slack_dag> because no tasks in DAG have SLAs
[2021-01-15 16:53:57,086] {scheduler_job.py:162} INFO - Processing /Users/ichiro/airflow/dags/slack_noti.py took 0.069 seconds
[2021-01-15 16:54:52,709] {scheduler_job.py:154} INFO - Started process (PID=9884) to work on /Users/ichiro/airflow/dags/slack_noti.py
[2021-01-15 16:54:52,723] {logging_mixin.py:112} INFO - [2021-01-15 16:54:52,723] {__init__.py:50} INFO - Using executor SequentialExecutor
[2021-01-15 16:54:52,724] {scheduler_job.py:1572} INFO - Processing file /Users/ichiro/airflow/dags/slack_noti.py for tasks to queue
[2021-01-15 16:54:52,724] {logging_mixin.py:112} INFO - [2021-01-15 16:54:52,724] {dagbag.py:417} INFO - Filling up the DagBag from /Users/ichiro/airflow/dags/slack_noti.py
[2021-01-15 16:54:52,726] {scheduler_job.py:1584} INFO - DAG(s) dict_keys(['slack_dag']) retrieved from /Users/ichiro/airflow/dags/slack_noti.py
[2021-01-15 16:54:52,737] {scheduler_job.py:1288} INFO - Processing slack_dag
[2021-01-15 16:54:52,741] {scheduler_job.py:459} INFO - Skipping SLA check for <DAG: slack_dag> because no tasks in DAG have SLAs
[2021-01-15 16:54:52,744] {scheduler_job.py:162} INFO - Processing /Users/ichiro/airflow/dags/slack_noti.py took 0.035 seconds
[2021-01-15 16:55:48,887] {scheduler_job.py:154} INFO - Started process (PID=10038) to work on /Users/ichiro/airflow/dags/slack_noti.py
[2021-01-15 16:55:48,903] {logging_mixin.py:112} INFO - [2021-01-15 16:55:48,903] {__init__.py:50} INFO - Using executor SequentialExecutor
[2021-01-15 16:55:48,904] {scheduler_job.py:1572} INFO - Processing file /Users/ichiro/airflow/dags/slack_noti.py for tasks to queue
[2021-01-15 16:55:48,904] {logging_mixin.py:112} INFO - [2021-01-15 16:55:48,904] {dagbag.py:417} INFO - Filling up the DagBag from /Users/ichiro/airflow/dags/slack_noti.py
[2021-01-15 16:55:48,905] {scheduler_job.py:1584} INFO - DAG(s) dict_keys(['slack_dag']) retrieved from /Users/ichiro/airflow/dags/slack_noti.py
[2021-01-15 16:55:48,919] {scheduler_job.py:1288} INFO - Processing slack_dag
[2021-01-15 16:55:48,923] {scheduler_job.py:459} INFO - Skipping SLA check for <DAG: slack_dag> because no tasks in DAG have SLAs
[2021-01-15 16:55:48,925] {scheduler_job.py:162} INFO - Processing /Users/ichiro/airflow/dags/slack_noti.py took 0.038 seconds
[2021-01-15 16:56:44,969] {scheduler_job.py:154} INFO - Started process (PID=10089) to work on /Users/ichiro/airflow/dags/slack_noti.py
[2021-01-15 16:56:44,984] {logging_mixin.py:112} INFO - [2021-01-15 16:56:44,984] {__init__.py:50} INFO - Using executor SequentialExecutor
[2021-01-15 16:56:44,985] {scheduler_job.py:1572} INFO - Processing file /Users/ichiro/airflow/dags/slack_noti.py for tasks to queue
[2021-01-15 16:56:44,985] {logging_mixin.py:112} INFO - [2021-01-15 16:56:44,985] {dagbag.py:417} INFO - Filling up the DagBag from /Users/ichiro/airflow/dags/slack_noti.py
[2021-01-15 16:56:44,987] {scheduler_job.py:1584} INFO - DAG(s) dict_keys(['slack_dag']) retrieved from /Users/ichiro/airflow/dags/slack_noti.py
[2021-01-15 16:56:44,997] {scheduler_job.py:1288} INFO - Processing slack_dag
[2021-01-15 16:56:45,002] {scheduler_job.py:459} INFO - Skipping SLA check for <DAG: slack_dag> because no tasks in DAG have SLAs
[2021-01-15 16:56:45,004] {scheduler_job.py:162} INFO - Processing /Users/ichiro/airflow/dags/slack_noti.py took 0.035 seconds
[2021-01-15 16:57:41,128] {scheduler_job.py:154} INFO - Started process (PID=10124) to work on /Users/ichiro/airflow/dags/slack_noti.py
[2021-01-15 16:57:41,143] {logging_mixin.py:112} INFO - [2021-01-15 16:57:41,143] {__init__.py:50} INFO - Using executor SequentialExecutor
[2021-01-15 16:57:41,143] {scheduler_job.py:1572} INFO - Processing file /Users/ichiro/airflow/dags/slack_noti.py for tasks to queue
[2021-01-15 16:57:41,144] {logging_mixin.py:112} INFO - [2021-01-15 16:57:41,143] {dagbag.py:417} INFO - Filling up the DagBag from /Users/ichiro/airflow/dags/slack_noti.py
[2021-01-15 16:57:41,145] {scheduler_job.py:1584} INFO - DAG(s) dict_keys(['slack_dag']) retrieved from /Users/ichiro/airflow/dags/slack_noti.py
[2021-01-15 16:57:41,156] {scheduler_job.py:1288} INFO - Processing slack_dag
[2021-01-15 16:57:41,160] {scheduler_job.py:459} INFO - Skipping SLA check for <DAG: slack_dag> because no tasks in DAG have SLAs
[2021-01-15 16:57:41,162] {scheduler_job.py:162} INFO - Processing /Users/ichiro/airflow/dags/slack_noti.py took 0.034 seconds
[2021-01-15 16:58:37,280] {scheduler_job.py:154} INFO - Started process (PID=10159) to work on /Users/ichiro/airflow/dags/slack_noti.py
[2021-01-15 16:58:37,295] {logging_mixin.py:112} INFO - [2021-01-15 16:58:37,294] {__init__.py:50} INFO - Using executor SequentialExecutor
[2021-01-15 16:58:37,295] {scheduler_job.py:1572} INFO - Processing file /Users/ichiro/airflow/dags/slack_noti.py for tasks to queue
[2021-01-15 16:58:37,295] {logging_mixin.py:112} INFO - [2021-01-15 16:58:37,295] {dagbag.py:417} INFO - Filling up the DagBag from /Users/ichiro/airflow/dags/slack_noti.py
[2021-01-15 16:58:37,297] {scheduler_job.py:1584} INFO - DAG(s) dict_keys(['slack_dag']) retrieved from /Users/ichiro/airflow/dags/slack_noti.py
[2021-01-15 16:58:37,312] {scheduler_job.py:1288} INFO - Processing slack_dag
[2021-01-15 16:58:37,318] {scheduler_job.py:459} INFO - Skipping SLA check for <DAG: slack_dag> because no tasks in DAG have SLAs
[2021-01-15 16:58:37,321] {scheduler_job.py:162} INFO - Processing /Users/ichiro/airflow/dags/slack_noti.py took 0.041 seconds
[2021-01-15 16:59:33,475] {scheduler_job.py:154} INFO - Started process (PID=10197) to work on /Users/ichiro/airflow/dags/slack_noti.py
[2021-01-15 16:59:33,489] {logging_mixin.py:112} INFO - [2021-01-15 16:59:33,489] {__init__.py:50} INFO - Using executor SequentialExecutor
[2021-01-15 16:59:33,490] {scheduler_job.py:1572} INFO - Processing file /Users/ichiro/airflow/dags/slack_noti.py for tasks to queue
[2021-01-15 16:59:33,490] {logging_mixin.py:112} INFO - [2021-01-15 16:59:33,490] {dagbag.py:417} INFO - Filling up the DagBag from /Users/ichiro/airflow/dags/slack_noti.py
[2021-01-15 16:59:33,492] {scheduler_job.py:1584} INFO - DAG(s) dict_keys(['slack_dag']) retrieved from /Users/ichiro/airflow/dags/slack_noti.py
[2021-01-15 16:59:33,503] {scheduler_job.py:1288} INFO - Processing slack_dag
[2021-01-15 16:59:33,508] {scheduler_job.py:459} INFO - Skipping SLA check for <DAG: slack_dag> because no tasks in DAG have SLAs
[2021-01-15 16:59:33,510] {scheduler_job.py:162} INFO - Processing /Users/ichiro/airflow/dags/slack_noti.py took 0.035 seconds
[2021-01-15 17:00:29,744] {scheduler_job.py:154} INFO - Started process (PID=10233) to work on /Users/ichiro/airflow/dags/slack_noti.py
[2021-01-15 17:00:29,758] {logging_mixin.py:112} INFO - [2021-01-15 17:00:29,758] {__init__.py:50} INFO - Using executor SequentialExecutor
[2021-01-15 17:00:29,759] {scheduler_job.py:1572} INFO - Processing file /Users/ichiro/airflow/dags/slack_noti.py for tasks to queue
[2021-01-15 17:00:29,759] {logging_mixin.py:112} INFO - [2021-01-15 17:00:29,759] {dagbag.py:417} INFO - Filling up the DagBag from /Users/ichiro/airflow/dags/slack_noti.py
[2021-01-15 17:00:29,761] {scheduler_job.py:1584} INFO - DAG(s) dict_keys(['slack_dag']) retrieved from /Users/ichiro/airflow/dags/slack_noti.py
[2021-01-15 17:00:29,771] {scheduler_job.py:1288} INFO - Processing slack_dag
[2021-01-15 17:00:29,776] {scheduler_job.py:459} INFO - Skipping SLA check for <DAG: slack_dag> because no tasks in DAG have SLAs
[2021-01-15 17:00:29,778] {scheduler_job.py:162} INFO - Processing /Users/ichiro/airflow/dags/slack_noti.py took 0.035 seconds
[2021-01-15 17:01:25,863] {scheduler_job.py:154} INFO - Started process (PID=10275) to work on /Users/ichiro/airflow/dags/slack_noti.py
[2021-01-15 17:01:25,878] {logging_mixin.py:112} INFO - [2021-01-15 17:01:25,877] {__init__.py:50} INFO - Using executor SequentialExecutor
[2021-01-15 17:01:25,878] {scheduler_job.py:1572} INFO - Processing file /Users/ichiro/airflow/dags/slack_noti.py for tasks to queue
[2021-01-15 17:01:25,878] {logging_mixin.py:112} INFO - [2021-01-15 17:01:25,878] {dagbag.py:417} INFO - Filling up the DagBag from /Users/ichiro/airflow/dags/slack_noti.py
[2021-01-15 17:01:25,880] {scheduler_job.py:1584} INFO - DAG(s) dict_keys(['slack_dag']) retrieved from /Users/ichiro/airflow/dags/slack_noti.py
[2021-01-15 17:01:25,892] {scheduler_job.py:1288} INFO - Processing slack_dag
[2021-01-15 17:01:25,897] {scheduler_job.py:459} INFO - Skipping SLA check for <DAG: slack_dag> because no tasks in DAG have SLAs
[2021-01-15 17:01:25,899] {scheduler_job.py:162} INFO - Processing /Users/ichiro/airflow/dags/slack_noti.py took 0.035 seconds
[2021-01-15 17:02:22,120] {scheduler_job.py:154} INFO - Started process (PID=10312) to work on /Users/ichiro/airflow/dags/slack_noti.py
[2021-01-15 17:02:22,134] {logging_mixin.py:112} INFO - [2021-01-15 17:02:22,134] {__init__.py:50} INFO - Using executor SequentialExecutor
[2021-01-15 17:02:22,135] {scheduler_job.py:1572} INFO - Processing file /Users/ichiro/airflow/dags/slack_noti.py for tasks to queue
[2021-01-15 17:02:22,135] {logging_mixin.py:112} INFO - [2021-01-15 17:02:22,135] {dagbag.py:417} INFO - Filling up the DagBag from /Users/ichiro/airflow/dags/slack_noti.py
[2021-01-15 17:02:22,136] {scheduler_job.py:1584} INFO - DAG(s) dict_keys(['slack_dag']) retrieved from /Users/ichiro/airflow/dags/slack_noti.py
[2021-01-15 17:02:22,147] {scheduler_job.py:1288} INFO - Processing slack_dag
[2021-01-15 17:02:22,151] {scheduler_job.py:459} INFO - Skipping SLA check for <DAG: slack_dag> because no tasks in DAG have SLAs
[2021-01-15 17:02:22,153] {scheduler_job.py:162} INFO - Processing /Users/ichiro/airflow/dags/slack_noti.py took 0.033 seconds
[2021-01-15 17:03:18,149] {scheduler_job.py:154} INFO - Started process (PID=10349) to work on /Users/ichiro/airflow/dags/slack_noti.py
[2021-01-15 17:03:18,163] {logging_mixin.py:112} INFO - [2021-01-15 17:03:18,163] {__init__.py:50} INFO - Using executor SequentialExecutor
[2021-01-15 17:03:18,164] {scheduler_job.py:1572} INFO - Processing file /Users/ichiro/airflow/dags/slack_noti.py for tasks to queue
[2021-01-15 17:03:18,164] {logging_mixin.py:112} INFO - [2021-01-15 17:03:18,164] {dagbag.py:417} INFO - Filling up the DagBag from /Users/ichiro/airflow/dags/slack_noti.py
[2021-01-15 17:03:18,166] {scheduler_job.py:1584} INFO - DAG(s) dict_keys(['slack_dag']) retrieved from /Users/ichiro/airflow/dags/slack_noti.py
[2021-01-15 17:03:18,175] {scheduler_job.py:1288} INFO - Processing slack_dag
[2021-01-15 17:03:18,180] {scheduler_job.py:459} INFO - Skipping SLA check for <DAG: slack_dag> because no tasks in DAG have SLAs
[2021-01-15 17:03:18,182] {scheduler_job.py:162} INFO - Processing /Users/ichiro/airflow/dags/slack_noti.py took 0.033 seconds
[2021-01-15 17:04:14,388] {scheduler_job.py:154} INFO - Started process (PID=10394) to work on /Users/ichiro/airflow/dags/slack_noti.py
[2021-01-15 17:04:14,402] {logging_mixin.py:112} INFO - [2021-01-15 17:04:14,402] {__init__.py:50} INFO - Using executor SequentialExecutor
[2021-01-15 17:04:14,403] {scheduler_job.py:1572} INFO - Processing file /Users/ichiro/airflow/dags/slack_noti.py for tasks to queue
[2021-01-15 17:04:14,403] {logging_mixin.py:112} INFO - [2021-01-15 17:04:14,403] {dagbag.py:417} INFO - Filling up the DagBag from /Users/ichiro/airflow/dags/slack_noti.py
[2021-01-15 17:04:14,405] {scheduler_job.py:1584} INFO - DAG(s) dict_keys(['slack_dag']) retrieved from /Users/ichiro/airflow/dags/slack_noti.py
[2021-01-15 17:04:14,416] {scheduler_job.py:1288} INFO - Processing slack_dag
[2021-01-15 17:04:14,421] {scheduler_job.py:459} INFO - Skipping SLA check for <DAG: slack_dag> because no tasks in DAG have SLAs
[2021-01-15 17:04:14,423] {scheduler_job.py:162} INFO - Processing /Users/ichiro/airflow/dags/slack_noti.py took 0.035 seconds
[2021-01-15 17:05:10,529] {scheduler_job.py:154} INFO - Started process (PID=10438) to work on /Users/ichiro/airflow/dags/slack_noti.py
[2021-01-15 17:05:10,547] {logging_mixin.py:112} INFO - [2021-01-15 17:05:10,547] {__init__.py:50} INFO - Using executor SequentialExecutor
[2021-01-15 17:05:10,548] {scheduler_job.py:1572} INFO - Processing file /Users/ichiro/airflow/dags/slack_noti.py for tasks to queue
[2021-01-15 17:05:10,548] {logging_mixin.py:112} INFO - [2021-01-15 17:05:10,548] {dagbag.py:417} INFO - Filling up the DagBag from /Users/ichiro/airflow/dags/slack_noti.py
[2021-01-15 17:05:10,550] {scheduler_job.py:1584} INFO - DAG(s) dict_keys(['slack_dag']) retrieved from /Users/ichiro/airflow/dags/slack_noti.py
[2021-01-15 17:05:10,561] {scheduler_job.py:1288} INFO - Processing slack_dag
[2021-01-15 17:05:10,567] {scheduler_job.py:459} INFO - Skipping SLA check for <DAG: slack_dag> because no tasks in DAG have SLAs
[2021-01-15 17:05:10,569] {scheduler_job.py:162} INFO - Processing /Users/ichiro/airflow/dags/slack_noti.py took 0.040 seconds
[2021-01-15 17:06:06,631] {scheduler_job.py:154} INFO - Started process (PID=10501) to work on /Users/ichiro/airflow/dags/slack_noti.py
[2021-01-15 17:06:06,645] {logging_mixin.py:112} INFO - [2021-01-15 17:06:06,645] {__init__.py:50} INFO - Using executor SequentialExecutor
[2021-01-15 17:06:06,646] {scheduler_job.py:1572} INFO - Processing file /Users/ichiro/airflow/dags/slack_noti.py for tasks to queue
[2021-01-15 17:06:06,646] {logging_mixin.py:112} INFO - [2021-01-15 17:06:06,646] {dagbag.py:417} INFO - Filling up the DagBag from /Users/ichiro/airflow/dags/slack_noti.py
[2021-01-15 17:06:06,647] {scheduler_job.py:1584} INFO - DAG(s) dict_keys(['slack_dag']) retrieved from /Users/ichiro/airflow/dags/slack_noti.py
[2021-01-15 17:06:06,659] {scheduler_job.py:1288} INFO - Processing slack_dag
[2021-01-15 17:06:06,664] {scheduler_job.py:459} INFO - Skipping SLA check for <DAG: slack_dag> because no tasks in DAG have SLAs
[2021-01-15 17:06:06,667] {scheduler_job.py:162} INFO - Processing /Users/ichiro/airflow/dags/slack_noti.py took 0.036 seconds
[2021-01-15 17:07:02,873] {scheduler_job.py:154} INFO - Started process (PID=10534) to work on /Users/ichiro/airflow/dags/slack_noti.py
[2021-01-15 17:07:02,892] {logging_mixin.py:112} INFO - [2021-01-15 17:07:02,891] {__init__.py:50} INFO - Using executor SequentialExecutor
[2021-01-15 17:07:02,892] {scheduler_job.py:1572} INFO - Processing file /Users/ichiro/airflow/dags/slack_noti.py for tasks to queue
[2021-01-15 17:07:02,893] {logging_mixin.py:112} INFO - [2021-01-15 17:07:02,893] {dagbag.py:417} INFO - Filling up the DagBag from /Users/ichiro/airflow/dags/slack_noti.py
[2021-01-15 17:07:02,894] {scheduler_job.py:1584} INFO - DAG(s) dict_keys(['slack_dag']) retrieved from /Users/ichiro/airflow/dags/slack_noti.py
[2021-01-15 17:07:02,908] {scheduler_job.py:1288} INFO - Processing slack_dag
[2021-01-15 17:07:02,912] {scheduler_job.py:459} INFO - Skipping SLA check for <DAG: slack_dag> because no tasks in DAG have SLAs
[2021-01-15 17:07:02,914] {scheduler_job.py:162} INFO - Processing /Users/ichiro/airflow/dags/slack_noti.py took 0.041 seconds
[2021-01-15 17:07:58,956] {scheduler_job.py:154} INFO - Started process (PID=10581) to work on /Users/ichiro/airflow/dags/slack_noti.py
[2021-01-15 17:07:58,970] {logging_mixin.py:112} INFO - [2021-01-15 17:07:58,970] {__init__.py:50} INFO - Using executor SequentialExecutor
[2021-01-15 17:07:58,971] {scheduler_job.py:1572} INFO - Processing file /Users/ichiro/airflow/dags/slack_noti.py for tasks to queue
[2021-01-15 17:07:58,971] {logging_mixin.py:112} INFO - [2021-01-15 17:07:58,971] {dagbag.py:417} INFO - Filling up the DagBag from /Users/ichiro/airflow/dags/slack_noti.py
[2021-01-15 17:07:58,973] {scheduler_job.py:1584} INFO - DAG(s) dict_keys(['slack_dag']) retrieved from /Users/ichiro/airflow/dags/slack_noti.py
[2021-01-15 17:07:58,988] {scheduler_job.py:1288} INFO - Processing slack_dag
[2021-01-15 17:07:58,995] {scheduler_job.py:459} INFO - Skipping SLA check for <DAG: slack_dag> because no tasks in DAG have SLAs
[2021-01-15 17:07:58,996] {scheduler_job.py:162} INFO - Processing /Users/ichiro/airflow/dags/slack_noti.py took 0.040 seconds
[2021-01-15 17:08:55,106] {scheduler_job.py:154} INFO - Started process (PID=10624) to work on /Users/ichiro/airflow/dags/slack_noti.py
[2021-01-15 17:08:55,120] {logging_mixin.py:112} INFO - [2021-01-15 17:08:55,120] {__init__.py:50} INFO - Using executor SequentialExecutor
[2021-01-15 17:08:55,121] {scheduler_job.py:1572} INFO - Processing file /Users/ichiro/airflow/dags/slack_noti.py for tasks to queue
[2021-01-15 17:08:55,121] {logging_mixin.py:112} INFO - [2021-01-15 17:08:55,121] {dagbag.py:417} INFO - Filling up the DagBag from /Users/ichiro/airflow/dags/slack_noti.py
[2021-01-15 17:08:55,123] {scheduler_job.py:1584} INFO - DAG(s) dict_keys(['slack_dag']) retrieved from /Users/ichiro/airflow/dags/slack_noti.py
[2021-01-15 17:08:55,134] {scheduler_job.py:1288} INFO - Processing slack_dag
[2021-01-15 17:08:55,139] {scheduler_job.py:459} INFO - Skipping SLA check for <DAG: slack_dag> because no tasks in DAG have SLAs
[2021-01-15 17:08:55,142] {scheduler_job.py:162} INFO - Processing /Users/ichiro/airflow/dags/slack_noti.py took 0.036 seconds
[2021-01-15 17:09:51,214] {scheduler_job.py:154} INFO - Started process (PID=10659) to work on /Users/ichiro/airflow/dags/slack_noti.py
[2021-01-15 17:09:51,229] {logging_mixin.py:112} INFO - [2021-01-15 17:09:51,228] {__init__.py:50} INFO - Using executor SequentialExecutor
[2021-01-15 17:09:51,229] {scheduler_job.py:1572} INFO - Processing file /Users/ichiro/airflow/dags/slack_noti.py for tasks to queue
[2021-01-15 17:09:51,229] {logging_mixin.py:112} INFO - [2021-01-15 17:09:51,229] {dagbag.py:417} INFO - Filling up the DagBag from /Users/ichiro/airflow/dags/slack_noti.py
[2021-01-15 17:09:51,231] {scheduler_job.py:1584} INFO - DAG(s) dict_keys(['slack_dag']) retrieved from /Users/ichiro/airflow/dags/slack_noti.py
[2021-01-15 17:09:51,242] {scheduler_job.py:1288} INFO - Processing slack_dag
[2021-01-15 17:09:51,246] {scheduler_job.py:459} INFO - Skipping SLA check for <DAG: slack_dag> because no tasks in DAG have SLAs
[2021-01-15 17:09:51,248] {scheduler_job.py:162} INFO - Processing /Users/ichiro/airflow/dags/slack_noti.py took 0.034 seconds
[2021-01-15 17:10:47,465] {scheduler_job.py:154} INFO - Started process (PID=10696) to work on /Users/ichiro/airflow/dags/slack_noti.py
[2021-01-15 17:10:47,482] {logging_mixin.py:112} INFO - [2021-01-15 17:10:47,482] {__init__.py:50} INFO - Using executor SequentialExecutor
[2021-01-15 17:10:47,482] {scheduler_job.py:1572} INFO - Processing file /Users/ichiro/airflow/dags/slack_noti.py for tasks to queue
[2021-01-15 17:10:47,482] {logging_mixin.py:112} INFO - [2021-01-15 17:10:47,482] {dagbag.py:417} INFO - Filling up the DagBag from /Users/ichiro/airflow/dags/slack_noti.py
[2021-01-15 17:10:47,484] {scheduler_job.py:1584} INFO - DAG(s) dict_keys(['slack_dag']) retrieved from /Users/ichiro/airflow/dags/slack_noti.py
[2021-01-15 17:10:47,496] {scheduler_job.py:1288} INFO - Processing slack_dag
[2021-01-15 17:10:47,501] {scheduler_job.py:459} INFO - Skipping SLA check for <DAG: slack_dag> because no tasks in DAG have SLAs
[2021-01-15 17:10:47,502] {scheduler_job.py:162} INFO - Processing /Users/ichiro/airflow/dags/slack_noti.py took 0.037 seconds
[2021-01-15 17:11:43,552] {scheduler_job.py:154} INFO - Started process (PID=10730) to work on /Users/ichiro/airflow/dags/slack_noti.py
[2021-01-15 17:11:43,566] {logging_mixin.py:112} INFO - [2021-01-15 17:11:43,566] {__init__.py:50} INFO - Using executor SequentialExecutor
[2021-01-15 17:11:43,567] {scheduler_job.py:1572} INFO - Processing file /Users/ichiro/airflow/dags/slack_noti.py for tasks to queue
[2021-01-15 17:11:43,567] {logging_mixin.py:112} INFO - [2021-01-15 17:11:43,567] {dagbag.py:417} INFO - Filling up the DagBag from /Users/ichiro/airflow/dags/slack_noti.py
[2021-01-15 17:11:43,568] {scheduler_job.py:1584} INFO - DAG(s) dict_keys(['slack_dag']) retrieved from /Users/ichiro/airflow/dags/slack_noti.py
[2021-01-15 17:11:43,580] {scheduler_job.py:1288} INFO - Processing slack_dag
[2021-01-15 17:11:43,585] {scheduler_job.py:459} INFO - Skipping SLA check for <DAG: slack_dag> because no tasks in DAG have SLAs
[2021-01-15 17:11:43,586] {scheduler_job.py:162} INFO - Processing /Users/ichiro/airflow/dags/slack_noti.py took 0.035 seconds
[2021-01-15 17:12:39,836] {scheduler_job.py:154} INFO - Started process (PID=10762) to work on /Users/ichiro/airflow/dags/slack_noti.py
[2021-01-15 17:12:39,854] {logging_mixin.py:112} INFO - [2021-01-15 17:12:39,854] {__init__.py:50} INFO - Using executor SequentialExecutor
[2021-01-15 17:12:39,855] {scheduler_job.py:1572} INFO - Processing file /Users/ichiro/airflow/dags/slack_noti.py for tasks to queue
[2021-01-15 17:12:39,855] {logging_mixin.py:112} INFO - [2021-01-15 17:12:39,855] {dagbag.py:417} INFO - Filling up the DagBag from /Users/ichiro/airflow/dags/slack_noti.py
[2021-01-15 17:12:39,857] {scheduler_job.py:1584} INFO - DAG(s) dict_keys(['slack_dag']) retrieved from /Users/ichiro/airflow/dags/slack_noti.py
[2021-01-15 17:12:39,870] {scheduler_job.py:1288} INFO - Processing slack_dag
[2021-01-15 17:12:39,877] {scheduler_job.py:459} INFO - Skipping SLA check for <DAG: slack_dag> because no tasks in DAG have SLAs
[2021-01-15 17:12:39,879] {scheduler_job.py:162} INFO - Processing /Users/ichiro/airflow/dags/slack_noti.py took 0.043 seconds
[2021-01-15 17:13:35,927] {scheduler_job.py:154} INFO - Started process (PID=10798) to work on /Users/ichiro/airflow/dags/slack_noti.py
[2021-01-15 17:13:35,943] {logging_mixin.py:112} INFO - [2021-01-15 17:13:35,942] {__init__.py:50} INFO - Using executor SequentialExecutor
[2021-01-15 17:13:35,943] {scheduler_job.py:1572} INFO - Processing file /Users/ichiro/airflow/dags/slack_noti.py for tasks to queue
[2021-01-15 17:13:35,943] {logging_mixin.py:112} INFO - [2021-01-15 17:13:35,943] {dagbag.py:417} INFO - Filling up the DagBag from /Users/ichiro/airflow/dags/slack_noti.py
[2021-01-15 17:13:35,945] {scheduler_job.py:1584} INFO - DAG(s) dict_keys(['slack_dag']) retrieved from /Users/ichiro/airflow/dags/slack_noti.py
[2021-01-15 17:13:35,955] {scheduler_job.py:1288} INFO - Processing slack_dag
[2021-01-15 17:13:35,960] {scheduler_job.py:459} INFO - Skipping SLA check for <DAG: slack_dag> because no tasks in DAG have SLAs
[2021-01-15 17:13:35,962] {scheduler_job.py:162} INFO - Processing /Users/ichiro/airflow/dags/slack_noti.py took 0.035 seconds
[2021-01-15 17:14:32,086] {scheduler_job.py:154} INFO - Started process (PID=10835) to work on /Users/ichiro/airflow/dags/slack_noti.py
[2021-01-15 17:14:32,101] {logging_mixin.py:112} INFO - [2021-01-15 17:14:32,101] {__init__.py:50} INFO - Using executor SequentialExecutor
[2021-01-15 17:14:32,102] {scheduler_job.py:1572} INFO - Processing file /Users/ichiro/airflow/dags/slack_noti.py for tasks to queue
[2021-01-15 17:14:32,102] {logging_mixin.py:112} INFO - [2021-01-15 17:14:32,102] {dagbag.py:417} INFO - Filling up the DagBag from /Users/ichiro/airflow/dags/slack_noti.py
[2021-01-15 17:14:32,105] {scheduler_job.py:1584} INFO - DAG(s) dict_keys(['slack_dag']) retrieved from /Users/ichiro/airflow/dags/slack_noti.py
[2021-01-15 17:14:32,115] {scheduler_job.py:1288} INFO - Processing slack_dag
[2021-01-15 17:14:32,119] {scheduler_job.py:459} INFO - Skipping SLA check for <DAG: slack_dag> because no tasks in DAG have SLAs
[2021-01-15 17:14:32,121] {scheduler_job.py:162} INFO - Processing /Users/ichiro/airflow/dags/slack_noti.py took 0.035 seconds
[2021-01-15 17:15:28,198] {scheduler_job.py:154} INFO - Started process (PID=10880) to work on /Users/ichiro/airflow/dags/slack_noti.py
[2021-01-15 17:15:28,212] {logging_mixin.py:112} INFO - [2021-01-15 17:15:28,212] {__init__.py:50} INFO - Using executor SequentialExecutor
[2021-01-15 17:15:28,213] {scheduler_job.py:1572} INFO - Processing file /Users/ichiro/airflow/dags/slack_noti.py for tasks to queue
[2021-01-15 17:15:28,213] {logging_mixin.py:112} INFO - [2021-01-15 17:15:28,213] {dagbag.py:417} INFO - Filling up the DagBag from /Users/ichiro/airflow/dags/slack_noti.py
[2021-01-15 17:15:28,215] {scheduler_job.py:1584} INFO - DAG(s) dict_keys(['slack_dag']) retrieved from /Users/ichiro/airflow/dags/slack_noti.py
[2021-01-15 17:15:28,227] {scheduler_job.py:1288} INFO - Processing slack_dag
[2021-01-15 17:15:28,232] {scheduler_job.py:459} INFO - Skipping SLA check for <DAG: slack_dag> because no tasks in DAG have SLAs
[2021-01-15 17:15:28,234] {scheduler_job.py:162} INFO - Processing /Users/ichiro/airflow/dags/slack_noti.py took 0.036 seconds
[2021-01-15 17:16:24,421] {scheduler_job.py:154} INFO - Started process (PID=10913) to work on /Users/ichiro/airflow/dags/slack_noti.py
[2021-01-15 17:16:24,435] {logging_mixin.py:112} INFO - [2021-01-15 17:16:24,435] {__init__.py:50} INFO - Using executor SequentialExecutor
[2021-01-15 17:16:24,436] {scheduler_job.py:1572} INFO - Processing file /Users/ichiro/airflow/dags/slack_noti.py for tasks to queue
[2021-01-15 17:16:24,436] {logging_mixin.py:112} INFO - [2021-01-15 17:16:24,436] {dagbag.py:417} INFO - Filling up the DagBag from /Users/ichiro/airflow/dags/slack_noti.py
[2021-01-15 17:16:24,438] {scheduler_job.py:1584} INFO - DAG(s) dict_keys(['slack_dag']) retrieved from /Users/ichiro/airflow/dags/slack_noti.py
[2021-01-15 17:16:24,450] {scheduler_job.py:1288} INFO - Processing slack_dag
[2021-01-15 17:16:24,455] {scheduler_job.py:459} INFO - Skipping SLA check for <DAG: slack_dag> because no tasks in DAG have SLAs
[2021-01-15 17:16:24,457] {scheduler_job.py:162} INFO - Processing /Users/ichiro/airflow/dags/slack_noti.py took 0.036 seconds
[2021-01-15 17:17:20,603] {scheduler_job.py:154} INFO - Started process (PID=10948) to work on /Users/ichiro/airflow/dags/slack_noti.py
[2021-01-15 17:17:20,617] {logging_mixin.py:112} INFO - [2021-01-15 17:17:20,617] {__init__.py:50} INFO - Using executor SequentialExecutor
[2021-01-15 17:17:20,618] {scheduler_job.py:1572} INFO - Processing file /Users/ichiro/airflow/dags/slack_noti.py for tasks to queue
[2021-01-15 17:17:20,618] {logging_mixin.py:112} INFO - [2021-01-15 17:17:20,618] {dagbag.py:417} INFO - Filling up the DagBag from /Users/ichiro/airflow/dags/slack_noti.py
[2021-01-15 17:17:20,620] {scheduler_job.py:1584} INFO - DAG(s) dict_keys(['slack_dag']) retrieved from /Users/ichiro/airflow/dags/slack_noti.py
[2021-01-15 17:17:20,658] {scheduler_job.py:1288} INFO - Processing slack_dag
[2021-01-15 17:17:20,664] {scheduler_job.py:459} INFO - Skipping SLA check for <DAG: slack_dag> because no tasks in DAG have SLAs
[2021-01-15 17:17:20,666] {scheduler_job.py:162} INFO - Processing /Users/ichiro/airflow/dags/slack_noti.py took 0.063 seconds
[2021-01-15 17:18:16,677] {scheduler_job.py:154} INFO - Started process (PID=10980) to work on /Users/ichiro/airflow/dags/slack_noti.py
[2021-01-15 17:18:16,691] {logging_mixin.py:112} INFO - [2021-01-15 17:18:16,691] {__init__.py:50} INFO - Using executor SequentialExecutor
[2021-01-15 17:18:16,692] {scheduler_job.py:1572} INFO - Processing file /Users/ichiro/airflow/dags/slack_noti.py for tasks to queue
[2021-01-15 17:18:16,692] {logging_mixin.py:112} INFO - [2021-01-15 17:18:16,692] {dagbag.py:417} INFO - Filling up the DagBag from /Users/ichiro/airflow/dags/slack_noti.py
[2021-01-15 17:18:16,694] {scheduler_job.py:1584} INFO - DAG(s) dict_keys(['slack_dag']) retrieved from /Users/ichiro/airflow/dags/slack_noti.py
[2021-01-15 17:18:16,704] {scheduler_job.py:1288} INFO - Processing slack_dag
[2021-01-15 17:18:16,708] {scheduler_job.py:459} INFO - Skipping SLA check for <DAG: slack_dag> because no tasks in DAG have SLAs
[2021-01-15 17:18:16,709] {scheduler_job.py:162} INFO - Processing /Users/ichiro/airflow/dags/slack_noti.py took 0.032 seconds
[2021-01-15 17:19:12,855] {scheduler_job.py:154} INFO - Started process (PID=11013) to work on /Users/ichiro/airflow/dags/slack_noti.py
[2021-01-15 17:19:12,871] {logging_mixin.py:112} INFO - [2021-01-15 17:19:12,871] {__init__.py:50} INFO - Using executor SequentialExecutor
[2021-01-15 17:19:12,872] {scheduler_job.py:1572} INFO - Processing file /Users/ichiro/airflow/dags/slack_noti.py for tasks to queue
[2021-01-15 17:19:12,872] {logging_mixin.py:112} INFO - [2021-01-15 17:19:12,872] {dagbag.py:417} INFO - Filling up the DagBag from /Users/ichiro/airflow/dags/slack_noti.py
[2021-01-15 17:19:12,873] {scheduler_job.py:1584} INFO - DAG(s) dict_keys(['slack_dag']) retrieved from /Users/ichiro/airflow/dags/slack_noti.py
[2021-01-15 17:19:12,885] {scheduler_job.py:1288} INFO - Processing slack_dag
[2021-01-15 17:19:12,890] {scheduler_job.py:459} INFO - Skipping SLA check for <DAG: slack_dag> because no tasks in DAG have SLAs
[2021-01-15 17:19:12,892] {scheduler_job.py:162} INFO - Processing /Users/ichiro/airflow/dags/slack_noti.py took 0.036 seconds
[2021-01-15 17:20:09,040] {scheduler_job.py:154} INFO - Started process (PID=11050) to work on /Users/ichiro/airflow/dags/slack_noti.py
[2021-01-15 17:20:09,055] {logging_mixin.py:112} INFO - [2021-01-15 17:20:09,055] {__init__.py:50} INFO - Using executor SequentialExecutor
[2021-01-15 17:20:09,055] {scheduler_job.py:1572} INFO - Processing file /Users/ichiro/airflow/dags/slack_noti.py for tasks to queue
[2021-01-15 17:20:09,055] {logging_mixin.py:112} INFO - [2021-01-15 17:20:09,055] {dagbag.py:417} INFO - Filling up the DagBag from /Users/ichiro/airflow/dags/slack_noti.py
[2021-01-15 17:20:09,057] {scheduler_job.py:1584} INFO - DAG(s) dict_keys(['slack_dag']) retrieved from /Users/ichiro/airflow/dags/slack_noti.py
[2021-01-15 17:20:09,068] {scheduler_job.py:1288} INFO - Processing slack_dag
[2021-01-15 17:20:09,072] {scheduler_job.py:459} INFO - Skipping SLA check for <DAG: slack_dag> because no tasks in DAG have SLAs
[2021-01-15 17:20:09,075] {scheduler_job.py:162} INFO - Processing /Users/ichiro/airflow/dags/slack_noti.py took 0.035 seconds
[2021-01-15 17:21:05,163] {scheduler_job.py:154} INFO - Started process (PID=11098) to work on /Users/ichiro/airflow/dags/slack_noti.py
[2021-01-15 17:21:05,177] {logging_mixin.py:112} INFO - [2021-01-15 17:21:05,177] {__init__.py:50} INFO - Using executor SequentialExecutor
[2021-01-15 17:21:05,178] {scheduler_job.py:1572} INFO - Processing file /Users/ichiro/airflow/dags/slack_noti.py for tasks to queue
[2021-01-15 17:21:05,178] {logging_mixin.py:112} INFO - [2021-01-15 17:21:05,178] {dagbag.py:417} INFO - Filling up the DagBag from /Users/ichiro/airflow/dags/slack_noti.py
[2021-01-15 17:21:05,180] {scheduler_job.py:1584} INFO - DAG(s) dict_keys(['slack_dag']) retrieved from /Users/ichiro/airflow/dags/slack_noti.py
[2021-01-15 17:21:05,190] {scheduler_job.py:1288} INFO - Processing slack_dag
[2021-01-15 17:21:05,195] {scheduler_job.py:459} INFO - Skipping SLA check for <DAG: slack_dag> because no tasks in DAG have SLAs
[2021-01-15 17:21:05,197] {scheduler_job.py:162} INFO - Processing /Users/ichiro/airflow/dags/slack_noti.py took 0.034 seconds
