[2021-01-15 16:28:50,685] {taskinstance.py:670} INFO - Dependencies all met for <TaskInstance: tutorial.templated 2021-01-15T06:53:24.378406+00:00 [queued]>
[2021-01-15 16:28:50,693] {taskinstance.py:670} INFO - Dependencies all met for <TaskInstance: tutorial.templated 2021-01-15T06:53:24.378406+00:00 [queued]>
[2021-01-15 16:28:50,693] {taskinstance.py:880} INFO - 
--------------------------------------------------------------------------------
[2021-01-15 16:28:50,693] {taskinstance.py:881} INFO - Starting attempt 1 of 2
[2021-01-15 16:28:50,693] {taskinstance.py:882} INFO - 
--------------------------------------------------------------------------------
[2021-01-15 16:28:50,697] {taskinstance.py:901} INFO - Executing <Task(BashOperator): templated> on 2021-01-15T06:53:24.378406+00:00
[2021-01-15 16:28:50,699] {standard_task_runner.py:54} INFO - Started process 8837 to run task
[2021-01-15 16:28:50,742] {standard_task_runner.py:77} INFO - Running: ['airflow', 'run', 'tutorial', 'templated', '2021-01-15T06:53:24.378406+00:00', '--job_id', '40', '--pool', 'default_pool', '--raw', '-sd', 'DAGS_FOLDER/tuto.py', '--cfg_path', '/var/folders/4f/xnn880bn51d9945mdydbgwdw0000gn/T/tmpvwab58kz']
[2021-01-15 16:28:50,744] {standard_task_runner.py:78} INFO - Job 40: Subtask templated
[2021-01-15 16:28:50,764] {logging_mixin.py:112} INFO - Running <TaskInstance: tutorial.templated 2021-01-15T06:53:24.378406+00:00 [running]> on host 1.0.0.0.0.0.0.0.0.0.0.0.0.0.0.0.0.0.0.0.0.0.0.0.0.0.0.0.0.0.0.0.ip6.arpa
[2021-01-15 16:28:50,783] {bash_operator.py:113} INFO - Tmp dir root location: 
 /var/folders/4f/xnn880bn51d9945mdydbgwdw0000gn/T
[2021-01-15 16:28:50,784] {bash_operator.py:134} INFO - Temporary script location: /var/folders/4f/xnn880bn51d9945mdydbgwdw0000gn/T/airflowtmpvggffern/templatedbw3nq214
[2021-01-15 16:28:50,784] {bash_operator.py:146} INFO - Running command: 
    
        echo "2021-01-15"
        echo "2021-01-22"
        echo "Parameter I passed in"
    
        echo "2021-01-15"
        echo "2021-01-22"
        echo "Parameter I passed in"
    
        echo "2021-01-15"
        echo "2021-01-22"
        echo "Parameter I passed in"
    
        echo "2021-01-15"
        echo "2021-01-22"
        echo "Parameter I passed in"
    
        echo "2021-01-15"
        echo "2021-01-22"
        echo "Parameter I passed in"
    
[2021-01-15 16:28:50,788] {bash_operator.py:153} INFO - Output:
[2021-01-15 16:28:50,790] {bash_operator.py:157} INFO - 2021-01-15
[2021-01-15 16:28:50,790] {bash_operator.py:157} INFO - 2021-01-22
[2021-01-15 16:28:50,791] {bash_operator.py:157} INFO - Parameter I passed in
[2021-01-15 16:28:50,791] {bash_operator.py:157} INFO - 2021-01-15
[2021-01-15 16:28:50,791] {bash_operator.py:157} INFO - 2021-01-22
[2021-01-15 16:28:50,791] {bash_operator.py:157} INFO - Parameter I passed in
[2021-01-15 16:28:50,791] {bash_operator.py:157} INFO - 2021-01-15
[2021-01-15 16:28:50,791] {bash_operator.py:157} INFO - 2021-01-22
[2021-01-15 16:28:50,792] {bash_operator.py:157} INFO - Parameter I passed in
[2021-01-15 16:28:50,792] {bash_operator.py:157} INFO - 2021-01-15
[2021-01-15 16:28:50,792] {bash_operator.py:157} INFO - 2021-01-22
[2021-01-15 16:28:50,792] {bash_operator.py:157} INFO - Parameter I passed in
[2021-01-15 16:28:50,792] {bash_operator.py:157} INFO - 2021-01-15
[2021-01-15 16:28:50,792] {bash_operator.py:157} INFO - 2021-01-22
[2021-01-15 16:28:50,792] {bash_operator.py:157} INFO - Parameter I passed in
[2021-01-15 16:28:50,793] {bash_operator.py:159} INFO - Command exited with return code 0
[2021-01-15 16:28:50,798] {taskinstance.py:1057} INFO - Marking task as SUCCESS.dag_id=tutorial, task_id=templated, execution_date=20210115T065324, start_date=20210115T072850, end_date=20210115T072850
[2021-01-15 16:28:55,684] {local_task_job.py:102} INFO - Task exited with return code 0
