[2021-01-15 16:28:33,415] {taskinstance.py:670} INFO - Dependencies all met for <TaskInstance: tutorial.print_date 2021-01-14T00:00:00+00:00 [queued]>
[2021-01-15 16:28:33,422] {taskinstance.py:670} INFO - Dependencies all met for <TaskInstance: tutorial.print_date 2021-01-14T00:00:00+00:00 [queued]>
[2021-01-15 16:28:33,422] {taskinstance.py:880} INFO - 
--------------------------------------------------------------------------------
[2021-01-15 16:28:33,422] {taskinstance.py:881} INFO - Starting attempt 1 of 2
[2021-01-15 16:28:33,422] {taskinstance.py:882} INFO - 
--------------------------------------------------------------------------------
[2021-01-15 16:28:33,426] {taskinstance.py:901} INFO - Executing <Task(BashOperator): print_date> on 2021-01-14T00:00:00+00:00
[2021-01-15 16:28:33,429] {standard_task_runner.py:54} INFO - Started process 8825 to run task
[2021-01-15 16:28:33,478] {standard_task_runner.py:77} INFO - Running: ['airflow', 'run', 'tutorial', 'print_date', '2021-01-14T00:00:00+00:00', '--job_id', '38', '--pool', 'default_pool', '--raw', '-sd', 'DAGS_FOLDER/tuto.py', '--cfg_path', '/var/folders/4f/xnn880bn51d9945mdydbgwdw0000gn/T/tmpho9t_cc9']
[2021-01-15 16:28:33,480] {standard_task_runner.py:78} INFO - Job 38: Subtask print_date
[2021-01-15 16:28:33,502] {logging_mixin.py:112} INFO - Running <TaskInstance: tutorial.print_date 2021-01-14T00:00:00+00:00 [running]> on host 1.0.0.0.0.0.0.0.0.0.0.0.0.0.0.0.0.0.0.0.0.0.0.0.0.0.0.0.0.0.0.0.ip6.arpa
[2021-01-15 16:28:33,514] {bash_operator.py:113} INFO - Tmp dir root location: 
 /var/folders/4f/xnn880bn51d9945mdydbgwdw0000gn/T
[2021-01-15 16:28:33,514] {bash_operator.py:134} INFO - Temporary script location: /var/folders/4f/xnn880bn51d9945mdydbgwdw0000gn/T/airflowtmprh9m7831/print_date776hfg0p
[2021-01-15 16:28:33,514] {bash_operator.py:146} INFO - Running command: date
[2021-01-15 16:28:33,520] {bash_operator.py:153} INFO - Output:
[2021-01-15 16:28:33,528] {bash_operator.py:157} INFO - 2021年 1月15日 金曜日 16時28分33秒 JST
[2021-01-15 16:28:33,528] {bash_operator.py:159} INFO - Command exited with return code 0
[2021-01-15 16:28:33,534] {taskinstance.py:1057} INFO - Marking task as SUCCESS.dag_id=tutorial, task_id=print_date, execution_date=20210114T000000, start_date=20210115T072833, end_date=20210115T072833
[2021-01-15 16:28:38,418] {local_task_job.py:102} INFO - Task exited with return code 0
