[2021-01-15 16:28:56,826] {taskinstance.py:670} INFO - Dependencies all met for <TaskInstance: tutorial.sleep 2021-01-13T00:00:00+00:00 [queued]>
[2021-01-15 16:28:56,836] {taskinstance.py:670} INFO - Dependencies all met for <TaskInstance: tutorial.sleep 2021-01-13T00:00:00+00:00 [queued]>
[2021-01-15 16:28:56,836] {taskinstance.py:880} INFO - 
--------------------------------------------------------------------------------
[2021-01-15 16:28:56,836] {taskinstance.py:881} INFO - Starting attempt 1 of 4
[2021-01-15 16:28:56,836] {taskinstance.py:882} INFO - 
--------------------------------------------------------------------------------
[2021-01-15 16:28:56,840] {taskinstance.py:901} INFO - Executing <Task(BashOperator): sleep> on 2021-01-13T00:00:00+00:00
[2021-01-15 16:28:56,842] {standard_task_runner.py:54} INFO - Started process 8841 to run task
[2021-01-15 16:28:56,895] {standard_task_runner.py:77} INFO - Running: ['airflow', 'run', 'tutorial', 'sleep', '2021-01-13T00:00:00+00:00', '--job_id', '41', '--pool', 'default_pool', '--raw', '-sd', 'DAGS_FOLDER/tuto.py', '--cfg_path', '/var/folders/4f/xnn880bn51d9945mdydbgwdw0000gn/T/tmpp__jc2ri']
[2021-01-15 16:28:56,896] {standard_task_runner.py:78} INFO - Job 41: Subtask sleep
[2021-01-15 16:28:56,919] {logging_mixin.py:112} INFO - Running <TaskInstance: tutorial.sleep 2021-01-13T00:00:00+00:00 [running]> on host 1.0.0.0.0.0.0.0.0.0.0.0.0.0.0.0.0.0.0.0.0.0.0.0.0.0.0.0.0.0.0.0.ip6.arpa
[2021-01-15 16:28:56,936] {bash_operator.py:113} INFO - Tmp dir root location: 
 /var/folders/4f/xnn880bn51d9945mdydbgwdw0000gn/T
[2021-01-15 16:28:56,937] {bash_operator.py:134} INFO - Temporary script location: /var/folders/4f/xnn880bn51d9945mdydbgwdw0000gn/T/airflowtmpf3r06jr9/sleep1mx1thql
[2021-01-15 16:28:56,937] {bash_operator.py:146} INFO - Running command: sleep 5
[2021-01-15 16:28:56,942] {bash_operator.py:153} INFO - Output:
[2021-01-15 16:29:01,952] {bash_operator.py:159} INFO - Command exited with return code 0
[2021-01-15 16:29:01,959] {taskinstance.py:1057} INFO - Marking task as SUCCESS.dag_id=tutorial, task_id=sleep, execution_date=20210113T000000, start_date=20210115T072856, end_date=20210115T072901
[2021-01-15 16:29:06,829] {local_task_job.py:102} INFO - Task exited with return code 0
